<?xml version="1.0" encoding="UTF-8"?>
<robot generator="Robot 5.0.1 (Python 3.9.13 on win32)" generated="20231206 11:32:27.809" rpa="true" schemaversion="3">
<suite id="s1" name="Tasks" source="C:\Users\gaura\OneDrive\画像\nps-reconciliation\tasks.robot">
<test id="s1-t1" name="RPA Task" line="7">
<kw name="Start" library="Bot">
<msg timestamp="20231206 11:32:46.005" level="INFO">Opening browser 'chrome' to base url 'https://adminonepg.nepalpayment.com/'.</msg>
<msg timestamp="20231206 11:33:11.608" level="INFO">Typing text 'kushal' into text field '//input[@id='user_name']'.</msg>
<msg timestamp="20231206 11:33:11.753" level="INFO">Typing text 'KuSh@LNp5' into text field '//input[@id='user_password']'.</msg>
<msg timestamp="20231206 11:33:11.877" level="INFO">Typing text 'KUH74' into text field '//input[@id='access_code']'.</msg>
<msg timestamp="20231206 11:33:11.986" level="INFO">Clicking button '//button[@type='submit']'.</msg>
<msg timestamp="20231206 11:33:38.160" level="INFO">Opening url 'https://adminonepg.nepalpayment.com/MerchantBalanceSOA/SOA'</msg>
<msg timestamp="20231206 11:33:40.288" level="INFO">Clicking element '//input[@id="FromDate"]'.</msg>
<msg timestamp="20231206 11:33:40.690" level="INFO">Clicking element '//td/a[text()="5"]'.</msg>
<msg timestamp="20231206 11:33:41.825" level="INFO">Clicking element '//input[@id="ToDate"]'.</msg>
<msg timestamp="20231206 11:33:42.208" level="INFO">Clicking element '//td/a[text()="5"]'.</msg>
<msg timestamp="20231206 11:33:43.258" level="INFO">Clicking element '//span[@role='combobox']/span[@id='select2-AccountType-container']'.</msg>
<msg timestamp="20231206 11:33:43.330" level="INFO">Typing text 'NPS Account' into text field '//input[@class='select2-search__field']'.</msg>
<msg timestamp="20231206 11:33:43.447" level="INFO">Sending key(s) ('RETURN',) to page.</msg>
<msg timestamp="20231206 11:33:43.447" level="INFO">Pressing special key RETURN to browser.</msg>
<msg timestamp="20231206 11:33:43.447" level="INFO">Releasing special key RETURN.</msg>
<msg timestamp="20231206 11:33:43.503" level="INFO">Opened workbook: &lt;RPA.Excel.Files.XlsxWorkbook object at 0x0000026E83D60D60&gt;</msg>
<msg timestamp="20231206 11:33:43.504" level="INFO">Created table: Table(columns=['S.N', 'Bank Code', 'Dispay Name', 'Account Number'], rows=38)</msg>
<msg timestamp="20231206 11:33:43.504" level="INFO">Closing workbook: &lt;RPA.Excel.Files.XlsxWorkbook object at 0x0000026E83D60D60&gt;</msg>
<msg timestamp="20231206 11:33:43.504" level="INFO">Clicking element '//span[@id='select2-AccountId-container']'.</msg>
<msg timestamp="20231206 11:33:45.644" level="INFO">Typing text 'Machhapuchhre(NPS SETTLEMENT ACCOUNT-DBD)' into text field '//input[@class='select2-search__field']'.</msg>
<msg timestamp="20231206 11:33:45.868" level="INFO">Sending key(s) ('RETURN',) to page.</msg>
<msg timestamp="20231206 11:33:45.868" level="INFO">Pressing special key RETURN to browser.</msg>
<msg timestamp="20231206 11:33:45.868" level="INFO">Releasing special key RETURN.</msg>
<msg timestamp="20231206 11:33:45.894" level="INFO">Clicking button '//button[@value ='CSV']'.</msg>
<msg timestamp="20231206 11:33:52.077" level="INFO">Clicking element '//span[@id='select2-AccountId-container']'.</msg>
<msg timestamp="20231206 11:33:54.230" level="INFO">Typing text 'Citizens(NPS Settlement Account)' into text field '//input[@class='select2-search__field']'.</msg>
<msg timestamp="20231206 11:33:54.434" level="INFO">Sending key(s) ('RETURN',) to page.</msg>
<msg timestamp="20231206 11:33:54.434" level="INFO">Pressing special key RETURN to browser.</msg>
<msg timestamp="20231206 11:33:54.434" level="INFO">Releasing special key RETURN.</msg>
<msg timestamp="20231206 11:33:54.452" level="INFO">Clicking button '//button[@value ='CSV']'.</msg>
<msg timestamp="20231206 11:34:00.285" level="INFO">Clicking element '//span[@id='select2-AccountId-container']'.</msg>
<msg timestamp="20231206 11:34:02.417" level="INFO">Typing text 'Global Bank(NPS Settlement Account)' into text field '//input[@class='select2-search__field']'.</msg>
<msg timestamp="20231206 11:34:02.610" level="INFO">Sending key(s) ('RETURN',) to page.</msg>
<msg timestamp="20231206 11:34:02.610" level="INFO">Pressing special key RETURN to browser.</msg>
<msg timestamp="20231206 11:34:02.610" level="INFO">Releasing special key RETURN.</msg>
<msg timestamp="20231206 11:34:02.625" level="INFO">Clicking button '//button[@value ='CSV']'.</msg>
<msg timestamp="20231206 11:34:11.436" level="INFO">Clicking element '//span[@id='select2-AccountId-container']'.</msg>
<msg timestamp="20231206 11:34:13.544" level="INFO">Typing text 'NPS Settlement Account - Prabhu Bank' into text field '//input[@class='select2-search__field']'.</msg>
<msg timestamp="20231206 11:34:13.772" level="INFO">Sending key(s) ('RETURN',) to page.</msg>
<msg timestamp="20231206 11:34:13.772" level="INFO">Pressing special key RETURN to browser.</msg>
<msg timestamp="20231206 11:34:13.772" level="INFO">Releasing special key RETURN.</msg>
<msg timestamp="20231206 11:34:13.787" level="INFO">Clicking button '//button[@value ='CSV']'.</msg>
<msg timestamp="20231206 11:34:20.367" level="INFO">Clicking element '//span[@id='select2-AccountId-container']'.</msg>
<msg timestamp="20231206 11:34:22.496" level="INFO">Typing text 'NPS Settlement Account - Kumari Bank' into text field '//input[@class='select2-search__field']'.</msg>
<msg timestamp="20231206 11:34:22.733" level="INFO">Sending key(s) ('RETURN',) to page.</msg>
<msg timestamp="20231206 11:34:22.733" level="INFO">Pressing special key RETURN to browser.</msg>
<msg timestamp="20231206 11:34:22.733" level="INFO">Releasing special key RETURN.</msg>
<msg timestamp="20231206 11:34:22.748" level="INFO">Clicking button '//button[@value ='CSV']'.</msg>
<msg timestamp="20231206 11:34:30.081" level="INFO">Clicking element '//span[@id='select2-AccountId-container']'.</msg>
<msg timestamp="20231206 11:34:32.204" level="INFO">Typing text 'NPS Settlement Account - Sanima Bank' into text field '//input[@class='select2-search__field']'.</msg>
<msg timestamp="20231206 11:34:32.473" level="INFO">Sending key(s) ('RETURN',) to page.</msg>
<msg timestamp="20231206 11:34:32.473" level="INFO">Pressing special key RETURN to browser.</msg>
<msg timestamp="20231206 11:34:32.473" level="INFO">Releasing special key RETURN.</msg>
<msg timestamp="20231206 11:34:32.489" level="INFO">Clicking button '//button[@value ='CSV']'.</msg>
<msg timestamp="20231206 11:34:38.020" level="INFO">Clicking element '//span[@id='select2-AccountId-container']'.</msg>
<msg timestamp="20231206 11:34:40.153" level="INFO">Typing text 'NPS Settlement Account - Nepal Bank' into text field '//input[@class='select2-search__field']'.</msg>
<msg timestamp="20231206 11:34:40.372" level="INFO">Sending key(s) ('RETURN',) to page.</msg>
<msg timestamp="20231206 11:34:40.372" level="INFO">Pressing special key RETURN to browser.</msg>
<msg timestamp="20231206 11:34:40.372" level="INFO">Releasing special key RETURN.</msg>
<msg timestamp="20231206 11:34:40.386" level="INFO">Clicking button '//button[@value ='CSV']'.</msg>
<msg timestamp="20231206 11:34:45.936" level="INFO">Clicking element '//span[@id='select2-AccountId-container']'.</msg>
<msg timestamp="20231206 11:34:48.044" level="INFO">Typing text 'NPS Settlement Account- ADBL' into text field '//input[@class='select2-search__field']'.</msg>
<msg timestamp="20231206 11:34:48.247" level="INFO">Sending key(s) ('RETURN',) to page.</msg>
<msg timestamp="20231206 11:34:48.247" level="INFO">Pressing special key RETURN to browser.</msg>
<msg timestamp="20231206 11:34:48.247" level="INFO">Releasing special key RETURN.</msg>
<msg timestamp="20231206 11:34:48.261" level="INFO">Clicking button '//button[@value ='CSV']'.</msg>
<msg timestamp="20231206 11:34:53.959" level="INFO">Clicking element '//span[@id='select2-AccountId-container']'.</msg>
<msg timestamp="20231206 11:34:56.076" level="INFO">Typing text 'NPS Settlement Account -Jyoti Bikash Bank' into text field '//input[@class='select2-search__field']'.</msg>
<msg timestamp="20231206 11:34:56.293" level="INFO">Sending key(s) ('RETURN',) to page.</msg>
<msg timestamp="20231206 11:34:56.294" level="INFO">Pressing special key RETURN to browser.</msg>
<msg timestamp="20231206 11:34:56.294" level="INFO">Releasing special key RETURN.</msg>
<msg timestamp="20231206 11:34:56.310" level="INFO">Clicking button '//button[@value ='CSV']'.</msg>
<msg timestamp="20231206 11:35:01.706" level="INFO">Clicking element '//span[@id='select2-AccountId-container']'.</msg>
<msg timestamp="20231206 11:35:03.848" level="INFO">Typing text 'NPS Settlement Account - NIBL' into text field '//input[@class='select2-search__field']'.</msg>
<msg timestamp="20231206 11:35:04.041" level="INFO">Sending key(s) ('RETURN',) to page.</msg>
<msg timestamp="20231206 11:35:04.041" level="INFO">Pressing special key RETURN to browser.</msg>
<msg timestamp="20231206 11:35:04.041" level="INFO">Releasing special key RETURN.</msg>
<msg timestamp="20231206 11:35:04.055" level="INFO">Clicking button '//button[@value ='CSV']'.</msg>
<msg timestamp="20231206 11:35:10.522" level="INFO">Clicking element '//span[@id='select2-AccountId-container']'.</msg>
<msg timestamp="20231206 11:35:12.627" level="INFO">Typing text 'NPS Settlement Account - NMB Bank' into text field '//input[@class='select2-search__field']'.</msg>
<msg timestamp="20231206 11:35:12.824" level="INFO">Sending key(s) ('RETURN',) to page.</msg>
<msg timestamp="20231206 11:35:12.824" level="INFO">Pressing special key RETURN to browser.</msg>
<msg timestamp="20231206 11:35:12.824" level="INFO">Releasing special key RETURN.</msg>
<msg timestamp="20231206 11:35:12.839" level="INFO">Clicking button '//button[@value ='CSV']'.</msg>
<msg timestamp="20231206 11:35:19.626" level="INFO">Clicking element '//span[@id='select2-AccountId-container']'.</msg>
<msg timestamp="20231206 11:35:21.761" level="INFO">Typing text 'KAMANA(NEPAL PAYMENT PAYABLE)' into text field '//input[@class='select2-search__field']'.</msg>
<msg timestamp="20231206 11:35:21.929" level="INFO">Sending key(s) ('RETURN',) to page.</msg>
<msg timestamp="20231206 11:35:21.929" level="INFO">Pressing special key RETURN to browser.</msg>
<msg timestamp="20231206 11:35:21.929" level="INFO">Releasing special key RETURN.</msg>
<msg timestamp="20231206 11:35:21.944" level="INFO">Clicking button '//button[@value ='CSV']'.</msg>
<msg timestamp="20231206 11:35:27.354" level="INFO">Clicking element '//span[@id='select2-AccountId-container']'.</msg>
<msg timestamp="20231206 11:35:29.468" level="INFO">Typing text 'NEW NPS RECEIVABLE' into text field '//input[@class='select2-search__field']'.</msg>
<msg timestamp="20231206 11:35:29.647" level="INFO">Sending key(s) ('RETURN',) to page.</msg>
<msg timestamp="20231206 11:35:29.647" level="INFO">Pressing special key RETURN to browser.</msg>
<msg timestamp="20231206 11:35:29.647" level="INFO">Releasing special key RETURN.</msg>
<msg timestamp="20231206 11:35:29.665" level="INFO">Clicking button '//button[@value ='CSV']'.</msg>
<msg timestamp="20231206 11:35:35.933" level="INFO">Clicking element '//span[@id='select2-AccountId-container']'.</msg>
<msg timestamp="20231206 11:35:38.047" level="INFO">Typing text 'RBB-Rx' into text field '//input[@class='select2-search__field']'.</msg>
<msg timestamp="20231206 11:35:38.217" level="INFO">Sending key(s) ('RETURN',) to page.</msg>
<msg timestamp="20231206 11:35:38.217" level="INFO">Pressing special key RETURN to browser.</msg>
<msg timestamp="20231206 11:35:38.217" level="INFO">Releasing special key RETURN.</msg>
<msg timestamp="20231206 11:35:38.240" level="INFO">Clicking button '//button[@value ='CSV']'.</msg>
<msg timestamp="20231206 11:35:44.645" level="INFO">Clicking element '//span[@id='select2-AccountId-container']'.</msg>
<msg timestamp="20231206 11:35:46.824" level="INFO">Typing text 'ICFC - NEPAL PAYMENT SOLUTION RECEIVABLE PAYABLE' into text field '//input[@class='select2-search__field']'.</msg>
<msg timestamp="20231206 11:35:47.040" level="INFO">Sending key(s) ('RETURN',) to page.</msg>
<msg timestamp="20231206 11:35:47.040" level="INFO">Pressing special key RETURN to browser.</msg>
<msg timestamp="20231206 11:35:47.040" level="INFO">Releasing special key RETURN.</msg>
<msg timestamp="20231206 11:35:47.055" level="INFO">Clicking button '//button[@value ='CSV']'.</msg>
<msg timestamp="20231206 11:35:52.384" level="INFO">Clicking element '//span[@id='select2-AccountId-container']'.</msg>
<msg timestamp="20231206 11:35:54.481" level="INFO">Typing text 'Muktinath - NPS SETTLEMENT ACCOUNT' into text field '//input[@class='select2-search__field']'.</msg>
<msg timestamp="20231206 11:35:54.734" level="INFO">Sending key(s) ('RETURN',) to page.</msg>
<msg timestamp="20231206 11:35:54.734" level="INFO">Pressing special key RETURN to browser.</msg>
<msg timestamp="20231206 11:35:54.735" level="INFO">Releasing special key RETURN.</msg>
<msg timestamp="20231206 11:35:54.751" level="INFO">Clicking button '//button[@value ='CSV']'.</msg>
<msg timestamp="20231206 11:36:00.179" level="INFO">Clicking element '//span[@id='select2-AccountId-container']'.</msg>
<msg timestamp="20231206 11:36:02.280" level="INFO">Typing text 'Shangrila - NPS RECEIVABLE' into text field '//input[@class='select2-search__field']'.</msg>
<msg timestamp="20231206 11:36:02.440" level="INFO">Sending key(s) ('RETURN',) to page.</msg>
<msg timestamp="20231206 11:36:02.440" level="INFO">Pressing special key RETURN to browser.</msg>
<msg timestamp="20231206 11:36:02.441" level="INFO">Releasing special key RETURN.</msg>
<msg timestamp="20231206 11:36:02.459" level="INFO">Clicking button '//button[@value ='CSV']'.</msg>
<msg timestamp="20231206 11:36:07.759" level="INFO">Clicking element '//span[@id='select2-AccountId-container']'.</msg>
<msg timestamp="20231206 11:36:09.893" level="INFO">Typing text 'Everest Bank(NEPAL PAYMENT PAYABLE' into text field '//input[@class='select2-search__field']'.</msg>
<msg timestamp="20231206 11:36:10.068" level="INFO">Sending key(s) ('RETURN',) to page.</msg>
<msg timestamp="20231206 11:36:10.069" level="INFO">Pressing special key RETURN to browser.</msg>
<msg timestamp="20231206 11:36:10.069" level="INFO">Releasing special key RETURN.</msg>
<msg timestamp="20231206 11:36:10.084" level="INFO">Clicking button '//button[@value ='CSV']'.</msg>
<msg timestamp="20231206 11:36:15.562" level="INFO">Clicking element '//span[@id='select2-AccountId-container']'.</msg>
<msg timestamp="20231206 11:36:17.735" level="INFO">Typing text 'Siddhartha Bank - NPS PAYABLE (NEPAL PAYMENT SOLUTION)' into text field '//input[@class='select2-search__field']'.</msg>
<msg timestamp="20231206 11:36:17.965" level="INFO">Sending key(s) ('RETURN',) to page.</msg>
<msg timestamp="20231206 11:36:17.965" level="INFO">Pressing special key RETURN to browser.</msg>
<msg timestamp="20231206 11:36:17.965" level="INFO">Releasing special key RETURN.</msg>
<msg timestamp="20231206 11:36:17.981" level="INFO">Clicking button '//button[@value ='CSV']'.</msg>
<msg timestamp="20231206 11:36:24.866" level="INFO">Clicking element '//span[@id='select2-AccountId-container']'.</msg>
<msg timestamp="20231206 11:36:26.970" level="INFO">Typing text 'Best Finance- NPS SETTLEMENT' into text field '//input[@class='select2-search__field']'.</msg>
<msg timestamp="20231206 11:36:27.120" level="INFO">Sending key(s) ('RETURN',) to page.</msg>
<msg timestamp="20231206 11:36:27.120" level="INFO">Pressing special key RETURN to browser.</msg>
<msg timestamp="20231206 11:36:27.121" level="INFO">Releasing special key RETURN.</msg>
<msg timestamp="20231206 11:36:27.137" level="INFO">Clicking button '//button[@value ='CSV']'.</msg>
<msg timestamp="20231206 11:36:32.329" level="INFO">Clicking element '//span[@id='select2-AccountId-container']'.</msg>
<msg timestamp="20231206 11:36:34.429" level="INFO">Typing text 'Excel Development Bank - NPS Account' into text field '//input[@class='select2-search__field']'.</msg>
<msg timestamp="20231206 11:36:34.609" level="INFO">Sending key(s) ('RETURN',) to page.</msg>
<msg timestamp="20231206 11:36:34.609" level="INFO">Pressing special key RETURN to browser.</msg>
<msg timestamp="20231206 11:36:34.609" level="INFO">Releasing special key RETURN.</msg>
<msg timestamp="20231206 11:36:34.625" level="INFO">Clicking button '//button[@value ='CSV']'.</msg>
<msg timestamp="20231206 11:36:39.913" level="INFO">Clicking element '//span[@id='select2-AccountId-container']'.</msg>
<msg timestamp="20231206 11:36:42.006" level="INFO">Typing text 'Miteri Development Bank NPS Acc' into text field '//input[@class='select2-search__field']'.</msg>
<msg timestamp="20231206 11:36:42.172" level="INFO">Sending key(s) ('RETURN',) to page.</msg>
<msg timestamp="20231206 11:36:42.172" level="INFO">Pressing special key RETURN to browser.</msg>
<msg timestamp="20231206 11:36:42.172" level="INFO">Releasing special key RETURN.</msg>
<msg timestamp="20231206 11:36:42.187" level="INFO">Clicking button '//button[@value ='CSV']'.</msg>
<msg timestamp="20231206 11:36:47.492" level="INFO">Clicking element '//span[@id='select2-AccountId-container']'.</msg>
<msg timestamp="20231206 11:36:49.636" level="INFO">Typing text 'SINDHU Bikash Bank NP PMT SOLUTION PVT AC PAYABLE' into text field '//input[@class='select2-search__field']'.</msg>
<msg timestamp="20231206 11:36:49.857" level="INFO">Sending key(s) ('RETURN',) to page.</msg>
<msg timestamp="20231206 11:36:49.857" level="INFO">Pressing special key RETURN to browser.</msg>
<msg timestamp="20231206 11:36:49.857" level="INFO">Releasing special key RETURN.</msg>
<msg timestamp="20231206 11:36:49.872" level="INFO">Clicking button '//button[@value ='CSV']'.</msg>
<msg timestamp="20231206 11:36:55.089" level="INFO">Clicking element '//span[@id='select2-AccountId-container']'.</msg>
<msg timestamp="20231206 11:36:57.214" level="INFO">Typing text 'Nepal Finance NPS Settlement AC' into text field '//input[@class='select2-search__field']'.</msg>
<msg timestamp="20231206 11:36:57.389" level="INFO">Sending key(s) ('RETURN',) to page.</msg>
<msg timestamp="20231206 11:36:57.390" level="INFO">Pressing special key RETURN to browser.</msg>
<msg timestamp="20231206 11:36:57.390" level="INFO">Releasing special key RETURN.</msg>
<msg timestamp="20231206 11:36:57.407" level="INFO">Clicking button '//button[@value ='CSV']'.</msg>
<msg timestamp="20231206 11:37:02.758" level="INFO">Clicking element '//span[@id='select2-AccountId-container']'.</msg>
<msg timestamp="20231206 11:37:04.868" level="INFO">Typing text 'Manjushree Finance RX' into text field '//input[@class='select2-search__field']'.</msg>
<msg timestamp="20231206 11:37:05.002" level="INFO">Sending key(s) ('RETURN',) to page.</msg>
<msg timestamp="20231206 11:37:05.002" level="INFO">Pressing special key RETURN to browser.</msg>
<msg timestamp="20231206 11:37:05.003" level="INFO">Releasing special key RETURN.</msg>
<msg timestamp="20231206 11:37:05.019" level="INFO">Clicking button '//button[@value ='CSV']'.</msg>
<msg timestamp="20231206 11:37:10.318" level="INFO">Clicking element '//span[@id='select2-AccountId-container']'.</msg>
<msg timestamp="20231206 11:37:12.422" level="INFO">Typing text 'N P SOLUTION PAYABLE-Green Dev' into text field '//input[@class='select2-search__field']'.</msg>
<msg timestamp="20231206 11:37:12.654" level="INFO">Sending key(s) ('RETURN',) to page.</msg>
<msg timestamp="20231206 11:37:12.654" level="INFO">Pressing special key RETURN to browser.</msg>
<msg timestamp="20231206 11:37:12.655" level="INFO">Releasing special key RETURN.</msg>
<msg timestamp="20231206 11:37:12.669" level="INFO">Clicking button '//button[@value ='CSV']'.</msg>
<msg timestamp="20231206 11:37:17.928" level="INFO">Clicking element '//span[@id='select2-AccountId-container']'.</msg>
<msg timestamp="20231206 11:37:20.025" level="INFO">Typing text 'Nabil Bank Settlement Account' into text field '//input[@class='select2-search__field']'.</msg>
<msg timestamp="20231206 11:37:20.191" level="INFO">Sending key(s) ('RETURN',) to page.</msg>
<msg timestamp="20231206 11:37:20.191" level="INFO">Pressing special key RETURN to browser.</msg>
<msg timestamp="20231206 11:37:20.191" level="INFO">Releasing special key RETURN.</msg>
<msg timestamp="20231206 11:37:20.206" level="INFO">Clicking button '//button[@value ='CSV']'.</msg>
<msg timestamp="20231206 11:37:26.209" level="INFO">Clicking element '//span[@id='select2-AccountId-container']'.</msg>
<msg timestamp="20231206 11:37:28.381" level="INFO">Typing text 'Lumbini Bikas Bank Ltd Rx' into text field '//input[@class='select2-search__field']'.</msg>
<msg timestamp="20231206 11:37:28.526" level="INFO">Sending key(s) ('RETURN',) to page.</msg>
<msg timestamp="20231206 11:37:28.526" level="INFO">Pressing special key RETURN to browser.</msg>
<msg timestamp="20231206 11:37:28.526" level="INFO">Releasing special key RETURN.</msg>
<msg timestamp="20231206 11:37:28.541" level="INFO">Clicking button '//button[@value ='CSV']'.</msg>
<msg timestamp="20231206 11:37:33.879" level="INFO">Clicking element '//span[@id='select2-AccountId-container']'.</msg>
<msg timestamp="20231206 11:37:36.009" level="INFO">Typing text 'Prime Bank Rx' into text field '//input[@class='select2-search__field']'.</msg>
<msg timestamp="20231206 11:37:36.129" level="INFO">Sending key(s) ('RETURN',) to page.</msg>
<msg timestamp="20231206 11:37:36.129" level="INFO">Pressing special key RETURN to browser.</msg>
<msg timestamp="20231206 11:37:36.129" level="INFO">Releasing special key RETURN.</msg>
<msg timestamp="20231206 11:37:36.147" level="INFO">Clicking button '//button[@value ='CSV']'.</msg>
<msg timestamp="20231206 11:37:41.470" level="INFO">Clicking element '//span[@id='select2-AccountId-container']'.</msg>
<msg timestamp="20231206 11:37:43.569" level="INFO">Typing text 'Mahalaxmi Bikas Bank' into text field '//input[@class='select2-search__field']'.</msg>
<msg timestamp="20231206 11:37:43.730" level="INFO">Sending key(s) ('RETURN',) to page.</msg>
<msg timestamp="20231206 11:37:43.730" level="INFO">Pressing special key RETURN to browser.</msg>
<msg timestamp="20231206 11:37:43.730" level="INFO">Releasing special key RETURN.</msg>
<msg timestamp="20231206 11:37:43.749" level="INFO">Clicking button '//button[@value ='CSV']'.</msg>
<msg timestamp="20231206 11:37:48.955" level="INFO">Clicking element '//span[@id='select2-AccountId-container']'.</msg>
<msg timestamp="20231206 11:37:51.100" level="INFO">Typing text 'Garima Bikas Bank Rx' into text field '//input[@class='select2-search__field']'.</msg>
<msg timestamp="20231206 11:37:51.232" level="INFO">Sending key(s) ('RETURN',) to page.</msg>
<msg timestamp="20231206 11:37:51.233" level="INFO">Pressing special key RETURN to browser.</msg>
<msg timestamp="20231206 11:37:51.233" level="INFO">Releasing special key RETURN.</msg>
<msg timestamp="20231206 11:37:51.249" level="INFO">Clicking button '//button[@value ='CSV']'.</msg>
<msg timestamp="20231206 11:37:56.504" level="INFO">Clicking element '//span[@id='select2-AccountId-container']'.</msg>
<msg timestamp="20231206 11:37:58.606" level="INFO">Typing text 'Laxmi Sunrise Settlement Account' into text field '//input[@class='select2-search__field']'.</msg>
<msg timestamp="20231206 11:37:58.797" level="INFO">Sending key(s) ('RETURN',) to page.</msg>
<msg timestamp="20231206 11:37:58.797" level="INFO">Pressing special key RETURN to browser.</msg>
<msg timestamp="20231206 11:37:58.797" level="INFO">Releasing special key RETURN.</msg>
<msg timestamp="20231206 11:37:58.816" level="INFO">Clicking button '//button[@value ='CSV']'.</msg>
<msg timestamp="20231206 11:38:05.653" level="INFO">Clicking element '//span[@id='select2-AccountId-container']'.</msg>
<msg timestamp="20231206 11:38:07.775" level="INFO">Typing text 'None' into text field '//input[@class='select2-search__field']'.</msg>
<msg timestamp="20231206 11:38:07.816" level="INFO">Clicking element '//span[@id='select2-AccountId-container']'.</msg>
<msg timestamp="20231206 11:38:14.996" level="INFO">Clicking element '//span[@id='select2-AccountId-container']'.</msg>
<msg timestamp="20231206 11:38:17.111" level="INFO">Typing text 'None' into text field '//input[@class='select2-search__field']'.</msg>
<msg timestamp="20231206 11:38:17.146" level="INFO">Clicking element '//span[@id='select2-AccountId-container']'.</msg>
<msg timestamp="20231206 11:38:24.423" level="INFO">Clicking element '//span[@id='select2-AccountId-container']'.</msg>
<msg timestamp="20231206 11:38:26.568" level="INFO">Typing text 'None' into text field '//input[@class='select2-search__field']'.</msg>
<msg timestamp="20231206 11:38:26.607" level="INFO">Clicking element '//span[@id='select2-AccountId-container']'.</msg>
<msg timestamp="20231206 11:38:33.666" level="INFO">Download directory set to: C:\Users\gaura\OneDrive\画像\nps-reconciliation\output\BANK STMT PHASE 4</msg>
<msg timestamp="20231206 11:38:33.667" level="INFO">Opening url 'https://adminonepg.nepalpayment.com/BankStatementView/Index'</msg>
<msg timestamp="20231206 11:38:36.075" level="INFO">Opened workbook: &lt;RPA.Excel.Files.XlsxWorkbook object at 0x0000026E84187160&gt;</msg>
<msg timestamp="20231206 11:38:36.075" level="INFO">Created table: Table(columns=['Banks', 'Account_Number'], rows=21)</msg>
<msg timestamp="20231206 11:38:36.076" level="INFO">Closing workbook: &lt;RPA.Excel.Files.XlsxWorkbook object at 0x0000026E84187160&gt;</msg>
<msg timestamp="20231206 11:38:36.128" level="INFO">Clicking element '//input[@id="FromDate"]'.</msg>
<msg timestamp="20231206 11:38:36.508" level="INFO">Clicking element '//td/a[text()="5"]'.</msg>
<msg timestamp="20231206 11:38:37.622" level="INFO">Clicking element '//input[@id="ToDate"]'.</msg>
<msg timestamp="20231206 11:38:38.016" level="INFO">Clicking element '//td/a[text()="5"]'.</msg>
<msg timestamp="20231206 11:38:39.070" level="INFO">Clicking element '//span[@id='select2-ddlInstrument-container']'.</msg>
<msg timestamp="20231206 11:38:40.144" level="INFO">Typing text 'Laxmi Bank' into text field '//input[@class='select2-search__field']'.</msg>
<msg timestamp="20231206 11:38:41.261" level="INFO">Sending key(s) ('RETURN',) to page.</msg>
<msg timestamp="20231206 11:38:41.261" level="INFO">Pressing special key RETURN to browser.</msg>
<msg timestamp="20231206 11:38:41.261" level="INFO">Releasing special key RETURN.</msg>
<msg timestamp="20231206 11:38:41.277" level="INFO">Clicking element '//input[@id='AccountNumber']'.</msg>
<msg timestamp="20231206 11:38:41.356" level="INFO">Typing text '14242431110001' into text field '//input[@id='AccountNumber']'.</msg>
<msg timestamp="20231206 11:38:41.434" level="INFO">Clicking button '//button[@type='submit']'.</msg>
<msg timestamp="20231206 11:39:54.797" level="INFO">Clicking button '//button[contains(@class,'buttons-excel')]'.</msg>
<msg timestamp="20231206 11:39:55.930" level="INFO">Clicking element '//span[@id='select2-ddlInstrument-container']'.</msg>
<msg timestamp="20231206 11:39:57.002" level="INFO">Typing text 'Kamana Sewa Bikas' into text field '//input[@class='select2-search__field']'.</msg>
<msg timestamp="20231206 11:39:58.129" level="INFO">Sending key(s) ('RETURN',) to page.</msg>
<msg timestamp="20231206 11:39:58.130" level="INFO">Pressing special key RETURN to browser.</msg>
<msg timestamp="20231206 11:39:58.130" level="INFO">Releasing special key RETURN.</msg>
<msg timestamp="20231206 11:39:58.146" level="INFO">Clicking element '//input[@id='AccountNumber']'.</msg>
<msg timestamp="20231206 11:39:58.205" level="INFO">Typing text '9266011200011' into text field '//input[@id='AccountNumber']'.</msg>
<msg timestamp="20231206 11:39:58.309" level="INFO">Clicking button '//button[@type='submit']'.</msg>
<msg timestamp="20231206 11:40:02.653" level="INFO">Clicking button '//button[contains(@class,'buttons-excel')]'.</msg>
<msg timestamp="20231206 11:40:03.890" level="INFO">Clicking element '//span[@id='select2-ddlInstrument-container']'.</msg>
<msg timestamp="20231206 11:40:04.990" level="INFO">Typing text 'Global IME Bank' into text field '//input[@class='select2-search__field']'.</msg>
<msg timestamp="20231206 11:40:06.163" level="INFO">Sending key(s) ('RETURN',) to page.</msg>
<msg timestamp="20231206 11:40:06.163" level="INFO">Pressing special key RETURN to browser.</msg>
<msg timestamp="20231206 11:40:06.163" level="INFO">Releasing special key RETURN.</msg>
<msg timestamp="20231206 11:40:06.179" level="INFO">Clicking element '//input[@id='AccountNumber']'.</msg>
<msg timestamp="20231206 11:40:06.232" level="INFO">Typing text '987560524013' into text field '//input[@id='AccountNumber']'.</msg>
<msg timestamp="20231206 11:40:06.329" level="INFO">Clicking button '//button[@type='submit']'.</msg>
<msg timestamp="20231206 11:40:15.876" level="INFO">Clicking button '//button[contains(@class,'buttons-excel')]'.</msg>
<msg timestamp="20231206 11:40:23.946" level="INFO">Clicking element '//span[@id='select2-ddlInstrument-container']'.</msg>
<msg timestamp="20231206 11:40:25.057" level="INFO">Typing text 'Sanima Bank' into text field '//input[@class='select2-search__field']'.</msg>
<msg timestamp="20231206 11:40:26.242" level="INFO">Sending key(s) ('RETURN',) to page.</msg>
<msg timestamp="20231206 11:40:26.243" level="INFO">Pressing special key RETURN to browser.</msg>
<msg timestamp="20231206 11:40:26.243" level="INFO">Releasing special key RETURN.</msg>
<msg timestamp="20231206 11:40:26.289" level="INFO">Clicking element '//input[@id='AccountNumber']'.</msg>
<msg timestamp="20231206 11:40:26.368" level="INFO">Typing text '90801352150025' into text field '//input[@id='AccountNumber']'.</msg>
<msg timestamp="20231206 11:40:26.472" level="INFO">Clicking button '//button[@type='submit']'.</msg>
<msg timestamp="20231206 11:40:33.532" level="INFO">Clicking button '//button[contains(@class,'buttons-excel')]'.</msg>
<msg timestamp="20231206 11:40:34.826" level="INFO">Clicking element '//span[@id='select2-ddlInstrument-container']'.</msg>
<msg timestamp="20231206 11:40:36.025" level="INFO">Typing text 'Prabhu Bank' into text field '//input[@class='select2-search__field']'.</msg>
<msg timestamp="20231206 11:40:37.218" level="INFO">Sending key(s) ('RETURN',) to page.</msg>
<msg timestamp="20231206 11:40:37.218" level="INFO">Pressing special key RETURN to browser.</msg>
<msg timestamp="20231206 11:40:37.218" level="INFO">Releasing special key RETURN.</msg>
<msg timestamp="20231206 11:40:37.242" level="INFO">Clicking element '//input[@id='AccountNumber']'.</msg>
<msg timestamp="20231206 11:40:37.307" level="INFO">Typing text '99901390602207' into text field '//input[@id='AccountNumber']'.</msg>
<msg timestamp="20231206 11:40:37.410" level="INFO">Clicking button '//button[@type='submit']'.</msg>
<msg timestamp="20231206 11:40:45.541" level="INFO">Clicking button '//button[contains(@class,'buttons-excel')]'.</msg>
<msg timestamp="20231206 11:40:47.100" level="INFO">Clicking element '//span[@id='select2-ddlInstrument-container']'.</msg>
<msg timestamp="20231206 11:40:48.175" level="INFO">Typing text 'ICFC' into text field '//input[@class='select2-search__field']'.</msg>
<msg timestamp="20231206 11:40:49.300" level="INFO">Sending key(s) ('RETURN',) to page.</msg>
<msg timestamp="20231206 11:40:49.300" level="INFO">Pressing special key RETURN to browser.</msg>
<msg timestamp="20231206 11:40:49.301" level="INFO">Releasing special key RETURN.</msg>
<msg timestamp="20231206 11:40:49.349" level="INFO">Clicking element '//input[@id='AccountNumber']'.</msg>
<msg timestamp="20231206 11:40:49.472" level="INFO">Typing text '9264013401001' into text field '//input[@id='AccountNumber']'.</msg>
<msg timestamp="20231206 11:40:49.578" level="INFO">Clicking button '//button[@type='submit']'.</msg>
<msg timestamp="20231206 11:40:54.670" level="INFO">Clicking button '//button[contains(@class,'buttons-excel')]'.</msg>
<msg timestamp="20231206 11:40:55.818" level="INFO">Clicking element '//span[@id='select2-ddlInstrument-container']'.</msg>
<msg timestamp="20231206 11:40:56.952" level="INFO">Typing text 'Nepal Bank Limited' into text field '//input[@class='select2-search__field']'.</msg>
<msg timestamp="20231206 11:40:58.224" level="INFO">Sending key(s) ('RETURN',) to page.</msg>
<msg timestamp="20231206 11:40:58.224" level="INFO">Pressing special key RETURN to browser.</msg>
<msg timestamp="20231206 11:40:58.224" level="INFO">Releasing special key RETURN.</msg>
<msg timestamp="20231206 11:40:58.240" level="INFO">Clicking element '//input[@id='AccountNumber']'.</msg>
<msg timestamp="20231206 11:40:58.366" level="INFO">Typing text '24208406906844000001' into text field '//input[@id='AccountNumber']'.</msg>
<msg timestamp="20231206 11:40:58.492" level="INFO">Clicking button '//button[@type='submit']'.</msg>
<msg timestamp="20231206 11:41:01.816" level="INFO">Clicking button '//button[contains(@class,'buttons-excel')]'.</msg>
<msg timestamp="20231206 11:41:03.241" level="INFO">Clicking element '//span[@id='select2-ddlInstrument-container']'.</msg>
<msg timestamp="20231206 11:41:04.392" level="INFO">Typing text 'Kumari Bank' into text field '//input[@class='select2-search__field']'.</msg>
<msg timestamp="20231206 11:41:05.642" level="INFO">Sending key(s) ('RETURN',) to page.</msg>
<msg timestamp="20231206 11:41:05.642" level="INFO">Pressing special key RETURN to browser.</msg>
<msg timestamp="20231206 11:41:05.642" level="INFO">Releasing special key RETURN.</msg>
<msg timestamp="20231206 11:41:05.686" level="INFO">Clicking element '//input[@id='AccountNumber']'.</msg>
<msg timestamp="20231206 11:41:05.769" level="INFO">Typing text '9984531001001' into text field '//input[@id='AccountNumber']'.</msg>
<msg timestamp="20231206 11:41:05.867" level="INFO">Clicking button '//button[@type='submit']'.</msg>
<msg timestamp="20231206 11:41:50.046" level="INFO">Clicking button '//button[contains(@class,'buttons-excel')]'.</msg>
<msg timestamp="20231206 11:41:52.178" level="INFO">Clicking element '//span[@id='select2-ddlInstrument-container']'.</msg>
<msg timestamp="20231206 11:41:53.316" level="INFO">Typing text 'Shangrila Development Bank' into text field '//input[@class='select2-search__field']'.</msg>
<msg timestamp="20231206 11:41:54.601" level="INFO">Sending key(s) ('RETURN',) to page.</msg>
<msg timestamp="20231206 11:41:54.602" level="INFO">Pressing special key RETURN to browser.</msg>
<msg timestamp="20231206 11:41:54.602" level="INFO">Releasing special key RETURN.</msg>
<msg timestamp="20231206 11:41:54.641" level="INFO">Clicking element '//input[@id='AccountNumber']'.</msg>
<msg timestamp="20231206 11:41:54.765" level="INFO">Typing text '9105801120601' into text field '//input[@id='AccountNumber']'.</msg>
<msg timestamp="20231206 11:41:54.874" level="INFO">Clicking button '//button[@type='submit']'.</msg>
<msg timestamp="20231206 11:42:02.298" level="INFO">Clicking button '//button[contains(@class,'buttons-excel')]'.</msg>
<msg timestamp="20231206 11:42:03.452" level="INFO">Clicking element '//span[@id='select2-ddlInstrument-container']'.</msg>
<msg timestamp="20231206 11:42:04.638" level="INFO">Typing text 'NIC ASIA BANK' into text field '//input[@class='select2-search__field']'.</msg>
<msg timestamp="20231206 11:42:05.929" level="INFO">Sending key(s) ('RETURN',) to page.</msg>
<msg timestamp="20231206 11:42:05.929" level="INFO">Pressing special key RETURN to browser.</msg>
<msg timestamp="20231206 11:42:05.930" level="INFO">Releasing special key RETURN.</msg>
<msg timestamp="20231206 11:42:05.975" level="INFO">Clicking element '//input[@id='AccountNumber']'.</msg>
<msg timestamp="20231206 11:42:06.057" level="INFO">Typing text '00914025240017' into text field '//input[@id='AccountNumber']'.</msg>
<msg timestamp="20231206 11:42:06.157" level="INFO">Clicking button '//button[@type='submit']'.</msg>
<msg timestamp="20231206 11:42:11.186" level="INFO">Clicking button '//button[contains(@class,'buttons-excel')]'.</msg>
<msg timestamp="20231206 11:42:13.817" level="INFO">Clicking element '//span[@id='select2-ddlInstrument-container']'.</msg>
<msg timestamp="20231206 11:42:15.114" level="INFO">Typing text 'Machhapuchchhre Bank' into text field '//input[@class='select2-search__field']'.</msg>
<msg timestamp="20231206 11:42:16.330" level="INFO">Sending key(s) ('RETURN',) to page.</msg>
<msg timestamp="20231206 11:42:16.330" level="INFO">Pressing special key RETURN to browser.</msg>
<msg timestamp="20231206 11:42:16.330" level="INFO">Releasing special key RETURN.</msg>
<msg timestamp="20231206 11:42:16.384" level="INFO">Clicking element '//input[@id='AccountNumber']'.</msg>
<msg timestamp="20231206 11:42:16.476" level="INFO">Typing text '0999524380164063' into text field '//input[@id='AccountNumber']'.</msg>
<msg timestamp="20231206 11:42:16.604" level="INFO">Clicking button '//button[@type='submit']'.</msg>
<msg timestamp="20231206 11:42:52.369" level="INFO">Clicking button '//button[contains(@class,'buttons-excel')]'.</msg>
<msg timestamp="20231206 11:42:53.960" level="INFO">Clicking element '//span[@id='select2-ddlInstrument-container']'.</msg>
<msg timestamp="20231206 11:42:55.133" level="INFO">Typing text 'Lumbini Bikas Bank' into text field '//input[@class='select2-search__field']'.</msg>
<msg timestamp="20231206 11:42:56.273" level="INFO">Sending key(s) ('RETURN',) to page.</msg>
<msg timestamp="20231206 11:42:56.274" level="INFO">Pressing special key RETURN to browser.</msg>
<msg timestamp="20231206 11:42:56.274" level="INFO">Releasing special key RETURN.</msg>
<msg timestamp="20231206 11:42:56.302" level="INFO">Clicking element '//input[@id='AccountNumber']'.</msg>
<msg timestamp="20231206 11:42:56.367" level="INFO">Typing text '92681901013' into text field '//input[@id='AccountNumber']'.</msg>
<msg timestamp="20231206 11:42:56.481" level="INFO">Clicking button '//button[@type='submit']'.</msg>
<msg timestamp="20231206 11:43:03.002" level="INFO">Clicking button '//button[contains(@class,'buttons-excel')]'.</msg>
<msg timestamp="20231206 11:43:04.220" level="INFO">Clicking element '//span[@id='select2-ddlInstrument-container']'.</msg>
<msg timestamp="20231206 11:43:05.411" level="INFO">Typing text 'Manjushree Finance Limited' into text field '//input[@class='select2-search__field']'.</msg>
<msg timestamp="20231206 11:43:06.550" level="INFO">Sending key(s) ('RETURN',) to page.</msg>
<msg timestamp="20231206 11:43:06.550" level="INFO">Pressing special key RETURN to browser.</msg>
<msg timestamp="20231206 11:43:06.551" level="INFO">Releasing special key RETURN.</msg>
<msg timestamp="20231206 11:43:06.594" level="INFO">Clicking element '//input[@id='AccountNumber']'.</msg>
<msg timestamp="20231206 11:43:06.663" level="INFO">Typing text '9200008062' into text field '//input[@id='AccountNumber']'.</msg>
<msg timestamp="20231206 11:43:06.760" level="INFO">Clicking button '//button[@type='submit']'.</msg>
<msg timestamp="20231206 11:43:17.085" level="INFO">Clicking button '//button[contains(@class,'buttons-excel')]'.</msg>
<msg timestamp="20231206 11:43:18.252" level="INFO">Clicking element '//span[@id='select2-ddlInstrument-container']'.</msg>
<msg timestamp="20231206 11:43:19.427" level="INFO">Typing text 'Citizens Bank' into text field '//input[@class='select2-search__field']'.</msg>
<msg timestamp="20231206 11:43:20.714" level="INFO">Sending key(s) ('RETURN',) to page.</msg>
<msg timestamp="20231206 11:43:20.714" level="INFO">Pressing special key RETURN to browser.</msg>
<msg timestamp="20231206 11:43:20.714" level="INFO">Releasing special key RETURN.</msg>
<msg timestamp="20231206 11:43:20.756" level="INFO">Clicking element '//input[@id='AccountNumber']'.</msg>
<msg timestamp="20231206 11:43:20.822" level="INFO">Typing text '99901294081304' into text field '//input[@id='AccountNumber']'.</msg>
<msg timestamp="20231206 11:43:20.934" level="INFO">Clicking button '//button[@type='submit']'.</msg>
<msg timestamp="20231206 11:44:24.212" level="INFO">Clicking button '//button[contains(@class,'buttons-excel')]'.</msg>
<msg timestamp="20231206 11:44:25.380" level="INFO">Clicking element '//span[@id='select2-ddlInstrument-container']'.</msg>
<msg timestamp="20231206 11:44:26.556" level="INFO">Typing text 'Everest Bank' into text field '//input[@class='select2-search__field']'.</msg>
<msg timestamp="20231206 11:44:27.710" level="INFO">Sending key(s) ('RETURN',) to page.</msg>
<msg timestamp="20231206 11:44:27.710" level="INFO">Pressing special key RETURN to browser.</msg>
<msg timestamp="20231206 11:44:27.710" level="INFO">Releasing special key RETURN.</msg>
<msg timestamp="20231206 11:44:27.758" level="INFO">Clicking element '//input[@id='AccountNumber']'.</msg>
<msg timestamp="20231206 11:44:27.891" level="INFO">Typing text '0000290052421' into text field '//input[@id='AccountNumber']'.</msg>
<msg timestamp="20231206 11:44:28.067" level="INFO">Clicking button '//button[@type='submit']'.</msg>
<msg timestamp="20231206 11:44:33.517" level="INFO">Clicking button '//button[contains(@class,'buttons-excel')]'.</msg>
<msg timestamp="20231206 11:44:34.865" level="INFO">Clicking element '//span[@id='select2-ddlInstrument-container']'.</msg>
<msg timestamp="20231206 11:44:36.082" level="INFO">Typing text 'Siddhartha Bank' into text field '//input[@class='select2-search__field']'.</msg>
<msg timestamp="20231206 11:44:37.316" level="INFO">Sending key(s) ('RETURN',) to page.</msg>
<msg timestamp="20231206 11:44:37.316" level="INFO">Pressing special key RETURN to browser.</msg>
<msg timestamp="20231206 11:44:37.316" level="INFO">Releasing special key RETURN.</msg>
<msg timestamp="20231206 11:44:37.361" level="INFO">Clicking element '//input[@id='AccountNumber']'.</msg>
<msg timestamp="20231206 11:44:37.410" level="INFO">Typing text '50101440650060' into text field '//input[@id='AccountNumber']'.</msg>
<msg timestamp="20231206 11:44:37.520" level="INFO">Clicking button '//button[@type='submit']'.</msg>
<msg timestamp="20231206 11:44:43.246" level="INFO">Clicking button '//button[contains(@class,'buttons-excel')]'.</msg>
<msg timestamp="20231206 11:44:45.036" level="INFO">Clicking element '//span[@id='select2-ddlInstrument-container']'.</msg>
<msg timestamp="20231206 11:44:46.104" level="INFO">Typing text 'Jyoti Bikash' into text field '//input[@class='select2-search__field']'.</msg>
<msg timestamp="20231206 11:44:47.266" level="INFO">Sending key(s) ('RETURN',) to page.</msg>
<msg timestamp="20231206 11:44:47.266" level="INFO">Pressing special key RETURN to browser.</msg>
<msg timestamp="20231206 11:44:47.266" level="INFO">Releasing special key RETURN.</msg>
<msg timestamp="20231206 11:44:47.298" level="INFO">Clicking element '//input[@id='AccountNumber']'.</msg>
<msg timestamp="20231206 11:44:47.361" level="INFO">Typing text '2660013000056' into text field '//input[@id='AccountNumber']'.</msg>
<msg timestamp="20231206 11:44:47.481" level="INFO">Clicking button '//button[@type='submit']'.</msg>
<msg timestamp="20231206 11:44:52.986" level="INFO">Clicking button '//button[contains(@class,'buttons-excel')]'.</msg>
<msg timestamp="20231206 11:44:54.258" level="INFO">Clicking element '//span[@id='select2-ddlInstrument-container']'.</msg>
<msg timestamp="20231206 11:44:55.400" level="INFO">Typing text 'NMB Bank' into text field '//input[@class='select2-search__field']'.</msg>
<msg timestamp="20231206 11:44:56.553" level="INFO">Sending key(s) ('RETURN',) to page.</msg>
<msg timestamp="20231206 11:44:56.553" level="INFO">Pressing special key RETURN to browser.</msg>
<msg timestamp="20231206 11:44:56.553" level="INFO">Releasing special key RETURN.</msg>
<msg timestamp="20231206 11:44:56.600" level="INFO">Clicking element '//input[@id='AccountNumber']'.</msg>
<msg timestamp="20231206 11:44:56.648" level="INFO">Typing text '00901101000085' into text field '//input[@id='AccountNumber']'.</msg>
<msg timestamp="20231206 11:44:56.758" level="INFO">Clicking button '//button[@type='submit']'.</msg>
<msg timestamp="20231206 11:45:10.185" level="INFO">Clicking button '//button[contains(@class,'buttons-excel')]'.</msg>
<msg timestamp="20231206 11:45:11.508" level="INFO">Clicking element '//span[@id='select2-ddlInstrument-container']'.</msg>
<msg timestamp="20231206 11:45:12.600" level="INFO">Typing text 'Nabil Bank' into text field '//input[@class='select2-search__field']'.</msg>
<msg timestamp="20231206 11:45:13.720" level="INFO">Sending key(s) ('RETURN',) to page.</msg>
<msg timestamp="20231206 11:45:13.720" level="INFO">Pressing special key RETURN to browser.</msg>
<msg timestamp="20231206 11:45:13.720" level="INFO">Releasing special key RETURN.</msg>
<msg timestamp="20231206 11:45:13.767" level="INFO">Clicking element '//input[@id='AccountNumber']'.</msg>
<msg timestamp="20231206 11:45:13.846" level="INFO">Typing text '98763101008' into text field '//input[@id='AccountNumber']'.</msg>
<msg timestamp="20231206 11:45:13.956" level="INFO">Clicking button '//button[@type='submit']'.</msg>
<msg timestamp="20231206 11:45:18.894" level="INFO">Clicking button '//button[contains(@class,'buttons-excel')]'.</msg>
<msg timestamp="20231206 11:45:20.262" level="INFO">Clicking element '//span[@id='select2-ddlInstrument-container']'.</msg>
<msg timestamp="20231206 11:45:21.350" level="INFO">Typing text 'Best Finance' into text field '//input[@class='select2-search__field']'.</msg>
<msg timestamp="20231206 11:45:22.471" level="INFO">Sending key(s) ('RETURN',) to page.</msg>
<msg timestamp="20231206 11:45:22.471" level="INFO">Pressing special key RETURN to browser.</msg>
<msg timestamp="20231206 11:45:22.471" level="INFO">Releasing special key RETURN.</msg>
<msg timestamp="20231206 11:45:22.523" level="INFO">Clicking element '//input[@id='AccountNumber']'.</msg>
<msg timestamp="20231206 11:45:22.608" level="INFO">Typing text '915103010100' into text field '//input[@id='AccountNumber']'.</msg>
<msg timestamp="20231206 11:45:22.709" level="INFO">Clicking button '//button[@type='submit']'.</msg>
<msg timestamp="20231206 11:45:48.302" level="INFO">Clicking button '//button[contains(@class,'buttons-excel')]'.</msg>
<msg timestamp="20231206 11:45:49.451" level="INFO">Clicking element '//span[@id='select2-ddlInstrument-container']'.</msg>
<msg timestamp="20231206 11:45:50.601" level="INFO">Typing text 'Prime Commercial Bank Ltd' into text field '//input[@class='select2-search__field']'.</msg>
<msg timestamp="20231206 11:45:51.755" level="INFO">Sending key(s) ('RETURN',) to page.</msg>
<msg timestamp="20231206 11:45:51.756" level="INFO">Pressing special key RETURN to browser.</msg>
<msg timestamp="20231206 11:45:51.756" level="INFO">Releasing special key RETURN.</msg>
<msg timestamp="20231206 11:45:51.793" level="INFO">Clicking element '//input[@id='AccountNumber']'.</msg>
<msg timestamp="20231206 11:45:51.868" level="INFO">Typing text '9933100000' into text field '//input[@id='AccountNumber']'.</msg>
<msg timestamp="20231206 11:45:51.980" level="INFO">Clicking button '//button[@type='submit']'.</msg>
<msg timestamp="20231206 11:45:57.830" level="INFO">Clicking button '//button[contains(@class,'buttons-excel')]'.</msg>
<msg timestamp="20231206 11:46:01.309" level="INFO">Download directory set to: C:\Users\gaura\OneDrive\画像\nps-reconciliation\output\source</msg>
<msg timestamp="20231206 11:46:01.309" level="INFO">Opening browser 'chrome' to base url 'https://www.nibl.com.np/intranet/Login.aspx'.</msg>
<msg timestamp="20231206 11:46:03.569" level="INFO">Typing text 'neps' into text field '//input[@id='txtUser']'.</msg>
<msg timestamp="20231206 11:46:03.710" level="INFO">Typing text 'P2ym3ent@1' into text field '//input[@id='txtPwd']'.</msg>
<msg timestamp="20231206 11:46:04.356" level="INFO">Clicking button '//input[@id='Button1']'.</msg>
<msg timestamp="20231206 11:46:05.641" level="INFO">Clicking element '//a[normalize-space()='* Bank Statement']'.</msg>
<msg timestamp="20231206 11:46:36.747" level="INFO">Clicking element '//input[@id="ctl00_ContentPlaceHolder1_calStart_button"]'.</msg>
<msg timestamp="20231206 11:46:37.897" level="INFO">Clicking element '&lt;selenium.webdriver.remote.webelement.WebElement (session="7dd49b327c2a1cde4a6eeabd295fd28d", element="F9E1646C512705241862203A389B2DC2_element_35")&gt;'.</msg>
<msg timestamp="20231206 11:46:40.054" level="INFO">Clicking element '//input[@id="ctl00_ContentPlaceHolder1_calEnd_button"]'.</msg>
<msg timestamp="20231206 11:46:41.410" level="INFO">Clicking element '&lt;selenium.webdriver.remote.webelement.WebElement (session="7dd49b327c2a1cde4a6eeabd295fd28d", element="F9E1646C512705241862203A389B2DC2_element_39")&gt;'.</msg>
<msg timestamp="20231206 11:46:43.468" level="INFO">Clicking element '//input[@id='ctl00_ContentPlaceHolder1_Button1']'.</msg>
<msg timestamp="20231206 11:46:44.550" level="INFO">Clicking element '//input[@id='ctl00_ContentPlaceHolder1_btnExport']'.</msg>
<msg timestamp="20231206 11:46:44.609" level="INFO">Download directory set to: C:\Users\gaura\OneDrive\画像\nps-reconciliation\output\source</msg>
<msg timestamp="20231206 11:46:44.609" level="INFO">Opening browser 'chrome' to base url 'https://smartbanking.rbb.com.np/#/login'.</msg>
<msg timestamp="20231206 11:47:03.238" level="INFO">Typing text 'NPAY49' into text field '//input[@id='username']'.</msg>
<msg timestamp="20231206 11:47:03.430" level="INFO">Typing text 'rbbnps@1234' into text field '//input[@id='password']'.</msg>
<msg timestamp="20231206 11:47:03.614" level="INFO">Clicking button '//button[@type='submit']'.</msg>
<msg timestamp="20231206 11:47:04.969" level="INFO">Clicking element '//i[@class='main-nav-icon account']'.</msg>
<msg timestamp="20231206 11:47:07.889" level="INFO">Clicking element '//button//span[text()='Statement']'.</msg>
<msg timestamp="20231206 11:48:05.745" level="INFO">Typing text '2023/12/05' into text field '//input[@id="fromDateId"]'.</msg>
<msg timestamp="20231206 11:48:05.973" level="INFO">Typing text '2023/12/05' into text field '//input[@id="toDateId"]'.</msg>
<msg timestamp="20231206 11:48:06.366" level="INFO">Clicking element '//label[@for="toDate"]'.</msg>
<msg timestamp="20231206 11:48:08.594" level="INFO">Clicking element '//button[text()="Show"]'.</msg>
<msg timestamp="20231206 11:49:03.317" level="INFO">Clicking element '//button[@ng-click="accountStatementCtrl.downloadAccountStatement('EXCEL')"]'.</msg>
<msg timestamp="20231206 12:36:40.014" level="INFO">Run Item: {'started_at': '2023-12-06 11:50:04', 'completed_at': '2023-12-06 12:36:40', 'status': 'Completed', 'report_data': {'test': 'Reconciling'}, 'is_ticket': True, 'notification': {}}</msg>
<msg timestamp="20231206 12:36:40.026" level="INFO">file not found ===
 'NoneType' object is not iterable
file not found ===
 Element '//input[@class='select2-search__field']' not visible after 5 seconds.
file not found ===
 'NoneType' object is not iterable
file not found ===
 Element '//input[@class='select2-search__field']' not visible after 5 seconds.
file not found ===
 'NoneType' object is not iterable
file not found ===
 Element '//input[@class='select2-search__field']' not visible after 5 seconds.
bank statement from nps portal-&gt;Table(columns=['Banks', 'Account_Number'], rows=21)
Error in NIBL scraping===
 Element with locator '//input[@id='ctl00_ContentPlaceHolder1_btnExport']' not found.</msg>
<msg timestamp="20231206 12:36:40.027" level="INFO">C:\ProgramData\robocorp\ht\bb5c9ea_5a1fac3_9fcd2534\lib\site-packages\robot\utils\connectioncache.py:123: ResourceWarning: unclosed file &lt;_io.BufferedWriter name='nul'&gt;
  self._connections = []
ResourceWarning: Enable tracemalloc to get the object allocation traceback
C:\ProgramData\robocorp\ht\bb5c9ea_5a1fac3_9fcd2534\lib\site-packages\pandas\core\dtypes\cast.py:1429: DeprecationWarning: np.find_common_type is deprecated.  Please use `np.result_type` or `np.promote_types`.
See https://numpy.org/devdocs/release/1.25.0-notes.html and the docs for more information.  (Deprecated NumPy 1.25)
  return np.find_common_type(types, [])
C:\ProgramData\robocorp\ht\bb5c9ea_5a1fac3_9fcd2534\lib\site-packages\pandas\core\dtypes\cast.py:1429: DeprecationWarning: np.find_common_type is deprecated.  Please use `np.result_type` or `np.promote_types`.
See https://numpy.org/devdocs/release/1.25.0-notes.html and the docs for more information.  (Deprecated NumPy 1.25)
  return np.find_common_type(types, [])
C:\ProgramData\robocorp\ht\bb5c9ea_5a1fac3_9fcd2534\lib\site-packages\pandas\core\dtypes\cast.py:1429: DeprecationWarning: np.find_common_type is deprecated.  Please use `np.result_type` or `np.promote_types`.
See https://numpy.org/devdocs/release/1.25.0-notes.html and the docs for more information.  (Deprecated NumPy 1.25)
  return np.find_common_type(types, [])
C:\ProgramData\robocorp\ht\bb5c9ea_5a1fac3_9fcd2534\lib\site-packages\pandas\core\dtypes\cast.py:1429: DeprecationWarning: np.find_common_type is deprecated.  Please use `np.result_type` or `np.promote_types`.
See https://numpy.org/devdocs/release/1.25.0-notes.html and the docs for more information.  (Deprecated NumPy 1.25)
  return np.find_common_type(types, [])
C:\ProgramData\robocorp\ht\bb5c9ea_5a1fac3_9fcd2534\lib\site-packages\pandas\core\dtypes\cast.py:1429: DeprecationWarning: np.find_common_type is deprecated.  Please use `np.result_type` or `np.promote_types`.
See https://numpy.org/devdocs/release/1.25.0-notes.html and the docs for more information.  (Deprecated NumPy 1.25)
  return np.find_common_type(types, [])
C:\ProgramData\robocorp\ht\bb5c9ea_5a1fac3_9fcd2534\lib\site-packages\pandas\core\dtypes\cast.py:1429: DeprecationWarning: np.find_common_type is deprecated.  Please use `np.result_type` or `np.promote_types`.
See https://numpy.org/devdocs/release/1.25.0-notes.html and the docs for more information.  (Deprecated NumPy 1.25)
  return np.find_common_type(types, [])
C:\ProgramData\robocorp\ht\bb5c9ea_5a1fac3_9fcd2534\lib\site-packages\pandas\core\dtypes\cast.py:1429: DeprecationWarning: np.find_common_type is deprecated.  Please use `np.result_type` or `np.promote_types`.
See https://numpy.org/devdocs/release/1.25.0-notes.html and the docs for more information.  (Deprecated NumPy 1.25)
  return np.find_common_type(types, [])
C:\Users\gaura\OneDrive\画像\nps-reconciliation\app\ReconcileAbstract.py:361: SettingWithCopyWarning: 
A value is trying to be set on a copy of a slice from a DataFrame

See the caveats in the documentation: https://pandas.pydata.org/pandas-docs/stable/user_guide/indexing.html#returning-a-view-versus-a-copy
  self.unmatched_bank_with_soa.drop(columns=['Matched_TID', 'Matched_AD'], inplace=True)
C:\Users\gaura\OneDrive\画像\nps-reconciliation\app\ReconcileAbstract.py:362: SettingWithCopyWarning: 
A value is trying to be set on a copy of a slice from a DataFrame

See the caveats in the documentation: https://pandas.pydata.org/pandas-docs/stable/user_guide/indexing.html#returning-a-view-versus-a-copy
  self.unmatched_soa_with_bank.drop(columns=['Matched_TID', 'Matched_AD'], inplace=True)
C:\Users\gaura\OneDrive\画像\nps-reconciliation\app\ReconcileAbstract.py:363: SettingWithCopyWarning: 
A value is trying to be set on a copy of a slice from a DataFrame

See the caveats in the documentation: https://pandas.pydata.org/pandas-docs/stable/user_guide/indexing.html#returning-a-view-versus-a-copy
  self.matched_bank_with_soa.drop(columns=['Matched_TID', 'Matched_AD'], inplace=True)
C:\Users\gaura\OneDrive\画像\nps-reconciliation\app\ReconcileAbstract.py:364: SettingWithCopyWarning: 
A value is trying to be set on a copy of a slice from a DataFrame

See the caveats in the documentation: https://pandas.pydata.org/pandas-docs/stable/user_guide/indexing.html#returning-a-view-versus-a-copy
  self.matched_soa_with_bank.drop(columns=['Matched_TID', 'Matched_AD'], inplace=True)
C:\ProgramData\robocorp\ht\bb5c9ea_5a1fac3_9fcd2534\lib\site-packages\pandas\core\dtypes\cast.py:1429: DeprecationWarning: np.find_common_type is deprecated.  Please use `np.result_type` or `np.promote_types`.
See https://numpy.org/devdocs/release/1.25.0-notes.html and the docs for more information.  (Deprecated NumPy 1.25)
  return np.find_common_type(types, [])
C:\ProgramData\robocorp\ht\bb5c9ea_5a1fac3_9fcd2534\lib\site-packages\pandas\core\dtypes\cast.py:1429: DeprecationWarning: np.find_common_type is deprecated.  Please use `np.result_type` or `np.promote_types`.
See https://numpy.org/devdocs/release/1.25.0-notes.html and the docs for more information.  (Deprecated NumPy 1.25)
  return np.find_common_type(types, [])
C:\ProgramData\robocorp\ht\bb5c9ea_5a1fac3_9fcd2534\lib\site-packages\pandas\core\dtypes\cast.py:1429: DeprecationWarning: np.find_common_type is deprecated.  Please use `np.result_type` or `np.promote_types`.
See https://numpy.org/devdocs/release/1.25.0-notes.html and the docs for more information.  (Deprecated NumPy 1.25)
  return np.find_common_type(types, [])
C:\ProgramData\robocorp\ht\bb5c9ea_5a1fac3_9fcd2534\lib\site-packages\pandas\core\dtypes\cast.py:1429: DeprecationWarning: np.find_common_type is deprecated.  Please use `np.result_type` or `np.promote_types`.
See https://numpy.org/devdocs/release/1.25.0-notes.html and the docs for more information.  (Deprecated NumPy 1.25)
  return np.find_common_type(types, [])
C:\ProgramData\robocorp\ht\bb5c9ea_5a1fac3_9fcd2534\lib\site-packages\pandas\core\dtypes\cast.py:1429: DeprecationWarning: np.find_common_type is deprecated.  Please use `np.result_type` or `np.promote_types`.
See https://numpy.org/devdocs/release/1.25.0-notes.html and the docs for more information.  (Deprecated NumPy 1.25)
  return np.find_common_type(types, [])
C:\Users\gaura\OneDrive\画像\nps-reconciliation\app\ReconcileAbstract.py:361: SettingWithCopyWarning: 
A value is trying to be set on a copy of a slice from a DataFrame

See the caveats in the documentation: https://pandas.pydata.org/pandas-docs/stable/user_guide/indexing.html#returning-a-view-versus-a-copy
  self.unmatched_bank_with_soa.drop(columns=['Matched_TID', 'Matched_AD'], inplace=True)
C:\Users\gaura\OneDrive\画像\nps-reconciliation\app\ReconcileAbstract.py:362: SettingWithCopyWarning: 
A value is trying to be set on a copy of a slice from a DataFrame

See the caveats in the documentation: https://pandas.pydata.org/pandas-docs/stable/user_guide/indexing.html#returning-a-view-versus-a-copy
  self.unmatched_soa_with_bank.drop(columns=['Matched_TID', 'Matched_AD'], inplace=True)
C:\Users\gaura\OneDrive\画像\nps-reconciliation\app\ReconcileAbstract.py:364: SettingWithCopyWarning: 
A value is trying to be set on a copy of a slice from a DataFrame

See the caveats in the documentation: https://pandas.pydata.org/pandas-docs/stable/user_guide/indexing.html#returning-a-view-versus-a-copy
  self.matched_soa_with_bank.drop(columns=['Matched_TID', 'Matched_AD'], inplace=True)
C:\Users\gaura\OneDrive\画像\nps-reconciliation\app\ReconcileAbstract.py:44: UserWarning: Could not infer format, so each element will be parsed individually, falling back to `dateutil`. To ensure parsing is consistent and as-expected, please specify a format.
  self.soa_statement_df['Date'] = pd.to_datetime(self.soa_statement_df['Date']).dt.date
C:\ProgramData\robocorp\ht\bb5c9ea_5a1fac3_9fcd2534\lib\site-packages\pandas\core\dtypes\cast.py:1429: DeprecationWarning: np.find_common_type is deprecated.  Please use `np.result_type` or `np.promote_types`.
See https://numpy.org/devdocs/release/1.25.0-notes.html and the docs for more information.  (Deprecated NumPy 1.25)
  return np.find_common_type(types, [])
C:\ProgramData\robocorp\ht\bb5c9ea_5a1fac3_9fcd2534\lib\site-packages\pandas\core\dtypes\cast.py:1429: DeprecationWarning: np.find_common_type is deprecated.  Please use `np.result_type` or `np.promote_types`.
See https://numpy.org/devdocs/release/1.25.0-notes.html and the docs for more information.  (Deprecated NumPy 1.25)
  return np.find_common_type(types, [])
C:\ProgramData\robocorp\ht\bb5c9ea_5a1fac3_9fcd2534\lib\site-packages\pandas\core\dtypes\cast.py:1429: DeprecationWarning: np.find_common_type is deprecated.  Please use `np.result_type` or `np.promote_types`.
See https://numpy.org/devdocs/release/1.25.0-notes.html and the docs for more information.  (Deprecated NumPy 1.25)
  return np.find_common_type(types, [])
C:\ProgramData\robocorp\ht\bb5c9ea_5a1fac3_9fcd2534\lib\site-packages\pandas\core\dtypes\cast.py:1429: DeprecationWarning: np.find_common_type is deprecated.  Please use `np.result_type` or `np.promote_types`.
See https://numpy.org/devdocs/release/1.25.0-notes.html and the docs for more information.  (Deprecated NumPy 1.25)
  return np.find_common_type(types, [])
C:\Users\gaura\OneDrive\画像\nps-reconciliation\app\ReconcileAbstract.py:361: SettingWithCopyWarning: 
A value is trying to be set on a copy of a slice from a DataFrame

See the caveats in the documentation: https://pandas.pydata.org/pandas-docs/stable/user_guide/indexing.html#returning-a-view-versus-a-copy
  self.unmatched_bank_with_soa.drop(columns=['Matched_TID', 'Matched_AD'], inplace=True)
C:\Users\gaura\OneDrive\画像\nps-reconciliation\app\ReconcileAbstract.py:362: SettingWithCopyWarning: 
A value is trying to be set on a copy of a slice from a DataFrame

See the caveats in the documentation: https://pandas.pydata.org/pandas-docs/stable/user_guide/indexing.html#returning-a-view-versus-a-copy
  self.unmatched_soa_with_bank.drop(columns=['Matched_TID', 'Matched_AD'], inplace=True)
C:\Users\gaura\OneDrive\画像\nps-reconciliation\app\ReconcileAbstract.py:363: SettingWithCopyWarning: 
A value is trying to be set on a copy of a slice from a DataFrame

See the caveats in the documentation: https://pandas.pydata.org/pandas-docs/stable/user_guide/indexing.html#returning-a-view-versus-a-copy
  self.matched_bank_with_soa.drop(columns=['Matched_TID', 'Matched_AD'], inplace=True)
C:\Users\gaura\OneDrive\画像\nps-reconciliation\app\ReconcileAbstract.py:364: SettingWithCopyWarning: 
A value is trying to be set on a copy of a slice from a DataFrame

See the caveats in the documentation: https://pandas.pydata.org/pandas-docs/stable/user_guide/indexing.html#returning-a-view-versus-a-copy
  self.matched_soa_with_bank.drop(columns=['Matched_TID', 'Matched_AD'], inplace=True)
C:\ProgramData\robocorp\ht\bb5c9ea_5a1fac3_9fcd2534\lib\site-packages\pandas\core\dtypes\cast.py:1429: DeprecationWarning: np.find_common_type is deprecated.  Please use `np.result_type` or `np.promote_types`.
See https://numpy.org/devdocs/release/1.25.0-notes.html and the docs for more information.  (Deprecated NumPy 1.25)
  return np.find_common_type(types, [])
C:\ProgramData\robocorp\ht\bb5c9ea_5a1fac3_9fcd2534\lib\site-packages\pandas\core\dtypes\cast.py:1429: DeprecationWarning: np.find_common_type is deprecated.  Please use `np.result_type` or `np.promote_types`.
See https://numpy.org/devdocs/release/1.25.0-notes.html and the docs for more information.  (Deprecated NumPy 1.25)
  return np.find_common_type(types, [])
C:\ProgramData\robocorp\ht\bb5c9ea_5a1fac3_9fcd2534\lib\site-packages\pandas\core\dtypes\cast.py:1429: DeprecationWarning: np.find_common_type is deprecated.  Please use `np.result_type` or `np.promote_types`.
See https://numpy.org/devdocs/release/1.25.0-notes.html and the docs for more information.  (Deprecated NumPy 1.25)
  return np.find_common_type(types, [])
Traceback (most recent call last):
  File "src\\gevent\\greenlet.py", line 908, in gevent._gevent_cgreenlet.Greenlet.run
  File "C:\Users\gaura\OneDrive\画像\nps-reconciliation\app\banks\Prime.py", line 48, in main
    self.extracting_tid_from_bank_stmt_phase_4()
  File "C:\Users\gaura\OneDrive\画像\nps-reconciliation\app\banks\Prime.py", line 91, in extracting_tid_from_bank_stmt_phase_4
    self.bank_statement_df.loc[index, 'Transaction Id'] = id[0]
IndexError: list index out of range
2023-12-06T06:08:40Z &lt;Greenlet at 0x26e8570dea0: &lt;bound method PrimeBank.main of &lt;app.banks.Prime.PrimeBank object at 0x0000026E844AA790&gt;&gt;&gt; failed with IndexError

C:\ProgramData\robocorp\ht\bb5c9ea_5a1fac3_9fcd2534\lib\site-packages\pandas\core\dtypes\cast.py:1429: DeprecationWarning: np.find_common_type is deprecated.  Please use `np.result_type` or `np.promote_types`.
See https://numpy.org/devdocs/release/1.25.0-notes.html and the docs for more information.  (Deprecated NumPy 1.25)
  return np.find_common_type(types, [])
C:\ProgramData\robocorp\ht\bb5c9ea_5a1fac3_9fcd2534\lib\site-packages\pandas\core\dtypes\cast.py:1429: DeprecationWarning: np.find_common_type is deprecated.  Please use `np.result_type` or `np.promote_types`.
See https://numpy.org/devdocs/release/1.25.0-notes.html and the docs for more information.  (Deprecated NumPy 1.25)
  return np.find_common_type(types, [])
C:\ProgramData\robocorp\ht\bb5c9ea_5a1fac3_9fcd2534\lib\site-packages\pandas\core\dtypes\cast.py:1429: DeprecationWarning: np.find_common_type is deprecated.  Please use `np.result_type` or `np.promote_types`.
See https://numpy.org/devdocs/release/1.25.0-notes.html and the docs for more information.  (Deprecated NumPy 1.25)
  return np.find_common_type(types, [])
C:\ProgramData\robocorp\ht\bb5c9ea_5a1fac3_9fcd2534\lib\site-packages\pandas\core\dtypes\cast.py:1429: DeprecationWarning: np.find_common_type is deprecated.  Please use `np.result_type` or `np.promote_types`.
See https://numpy.org/devdocs/release/1.25.0-notes.html and the docs for more information.  (Deprecated NumPy 1.25)
  return np.find_common_type(types, [])
C:\Users\gaura\OneDrive\画像\nps-reconciliation\app\ReconcileAbstract.py:361: SettingWithCopyWarning: 
A value is trying to be set on a copy of a slice from a DataFrame

See the caveats in the documentation: https://pandas.pydata.org/pandas-docs/stable/user_guide/indexing.html#returning-a-view-versus-a-copy
  self.unmatched_bank_with_soa.drop(columns=['Matched_TID', 'Matched_AD'], inplace=True)
C:\Users\gaura\OneDrive\画像\nps-reconciliation\app\ReconcileAbstract.py:362: SettingWithCopyWarning: 
A value is trying to be set on a copy of a slice from a DataFrame

See the caveats in the documentation: https://pandas.pydata.org/pandas-docs/stable/user_guide/indexing.html#returning-a-view-versus-a-copy
  self.unmatched_soa_with_bank.drop(columns=['Matched_TID', 'Matched_AD'], inplace=True)
C:\Users\gaura\OneDrive\画像\nps-reconciliation\app\ReconcileAbstract.py:363: SettingWithCopyWarning: 
A value is trying to be set on a copy of a slice from a DataFrame

See the caveats in the documentation: https://pandas.pydata.org/pandas-docs/stable/user_guide/indexing.html#returning-a-view-versus-a-copy
  self.matched_bank_with_soa.drop(columns=['Matched_TID', 'Matched_AD'], inplace=True)
C:\Users\gaura\OneDrive\画像\nps-reconciliation\app\ReconcileAbstract.py:364: SettingWithCopyWarning: 
A value is trying to be set on a copy of a slice from a DataFrame

See the caveats in the documentation: https://pandas.pydata.org/pandas-docs/stable/user_guide/indexing.html#returning-a-view-versus-a-copy
  self.matched_soa_with_bank.drop(columns=['Matched_TID', 'Matched_AD'], inplace=True)
Traceback (most recent call last):
  File "src\\gevent\\greenlet.py", line 908, in gevent._gevent_cgreenlet.Greenlet.run
  File "C:\Users\gaura\OneDrive\画像\nps-reconciliation\app\banks\Laxmi.py", line 52, in main
    self.updated_standardize_bank_stmt_phase_4()
  File "C:\Users\gaura\OneDrive\画像\nps-reconciliation\app\banks\Laxmi.py", line 245, in updated_standardize_bank_stmt_phase_4
    self.bank_statement_df[['Mode', 'Amount']] = self.bank_statement_df.apply(self.standard_format_phase_4, axis=1)
  File "C:\ProgramData\robocorp\ht\bb5c9ea_5a1fac3_9fcd2534\lib\site-packages\pandas\core\frame.py", line 3948, in __setitem__
    self._setitem_array(key, value)
  File "C:\ProgramData\robocorp\ht\bb5c9ea_5a1fac3_9fcd2534\lib\site-packages\pandas\core\frame.py", line 3990, in _setitem_array
    check_key_length(self.columns, key, value)
  File "C:\ProgramData\robocorp\ht\bb5c9ea_5a1fac3_9fcd2534\lib\site-packages\pandas\core\indexers\utils.py", line 392, in check_key_length
    raise ValueError("Columns must be same length as key")
ValueError: Columns must be same length as key
2023-12-06T06:08:41Z &lt;Greenlet at 0x26e8569ca40: &lt;bound method LaxmiBank.main of &lt;app.banks.Laxmi.LaxmiBank object at 0x0000026E83EDD070&gt;&gt;&gt; failed with ValueError

C:\ProgramData\robocorp\ht\bb5c9ea_5a1fac3_9fcd2534\lib\site-packages\pandas\core\dtypes\cast.py:1429: DeprecationWarning: np.find_common_type is deprecated.  Please use `np.result_type` or `np.promote_types`.
See https://numpy.org/devdocs/release/1.25.0-notes.html and the docs for more information.  (Deprecated NumPy 1.25)
  return np.find_common_type(types, [])
C:\ProgramData\robocorp\ht\bb5c9ea_5a1fac3_9fcd2534\lib\site-packages\pandas\core\dtypes\cast.py:1429: DeprecationWarning: np.find_common_type is deprecated.  Please use `np.result_type` or `np.promote_types`.
See https://numpy.org/devdocs/release/1.25.0-notes.html and the docs for more information.  (Deprecated NumPy 1.25)
  return np.find_common_type(types, [])
C:\ProgramData\robocorp\ht\bb5c9ea_5a1fac3_9fcd2534\lib\site-packages\pandas\core\dtypes\cast.py:1429: DeprecationWarning: np.find_common_type is deprecated.  Please use `np.result_type` or `np.promote_types`.
See https://numpy.org/devdocs/release/1.25.0-notes.html and the docs for more information.  (Deprecated NumPy 1.25)
  return np.find_common_type(types, [])
C:\ProgramData\robocorp\ht\bb5c9ea_5a1fac3_9fcd2534\lib\site-packages\pandas\core\dtypes\cast.py:1429: DeprecationWarning: np.find_common_type is deprecated.  Please use `np.result_type` or `np.promote_types`.
See https://numpy.org/devdocs/release/1.25.0-notes.html and the docs for more information.  (Deprecated NumPy 1.25)
  return np.find_common_type(types, [])
C:\ProgramData\robocorp\ht\bb5c9ea_5a1fac3_9fcd2534\lib\site-packages\pandas\core\dtypes\cast.py:1429: DeprecationWarning: np.find_common_type is deprecated.  Please use `np.result_type` or `np.promote_types`.
See https://numpy.org/devdocs/release/1.25.0-notes.html and the docs for more information.  (Deprecated NumPy 1.25)
  return np.find_common_type(types, [])
C:\ProgramData\robocorp\ht\bb5c9ea_5a1fac3_9fcd2534\lib\site-packages\pandas\core\dtypes\cast.py:1429: DeprecationWarning: np.find_common_type is deprecated.  Please use `np.result_type` or `np.promote_types`.
See https://numpy.org/devdocs/release/1.25.0-notes.html and the docs for more information.  (Deprecated NumPy 1.25)
  return np.find_common_type(types, [])
C:\ProgramData\robocorp\ht\bb5c9ea_5a1fac3_9fcd2534\lib\site-packages\pandas\core\dtypes\cast.py:1429: DeprecationWarning: np.find_common_type is deprecated.  Please use `np.result_type` or `np.promote_types`.
See https://numpy.org/devdocs/release/1.25.0-notes.html and the docs for more information.  (Deprecated NumPy 1.25)
  return np.find_common_type(types, [])
C:\Users\gaura\OneDrive\画像\nps-reconciliation\app\ReconcileAbstract.py:361: SettingWithCopyWarning: 
A value is trying to be set on a copy of a slice from a DataFrame

See the caveats in the documentation: https://pandas.pydata.org/pandas-docs/stable/user_guide/indexing.html#returning-a-view-versus-a-copy
  self.unmatched_bank_with_soa.drop(columns=['Matched_TID', 'Matched_AD'], inplace=True)
C:\Users\gaura\OneDrive\画像\nps-reconciliation\app\ReconcileAbstract.py:362: SettingWithCopyWarning: 
A value is trying to be set on a copy of a slice from a DataFrame

See the caveats in the documentation: https://pandas.pydata.org/pandas-docs/stable/user_guide/indexing.html#returning-a-view-versus-a-copy
  self.unmatched_soa_with_bank.drop(columns=['Matched_TID', 'Matched_AD'], inplace=True)
C:\Users\gaura\OneDrive\画像\nps-reconciliation\app\ReconcileAbstract.py:363: SettingWithCopyWarning: 
A value is trying to be set on a copy of a slice from a DataFrame

See the caveats in the documentation: https://pandas.pydata.org/pandas-docs/stable/user_guide/indexing.html#returning-a-view-versus-a-copy
  self.matched_bank_with_soa.drop(columns=['Matched_TID', 'Matched_AD'], inplace=True)
C:\Users\gaura\OneDrive\画像\nps-reconciliation\app\ReconcileAbstract.py:364: SettingWithCopyWarning: 
A value is trying to be set on a copy of a slice from a DataFrame

See the caveats in the documentation: https://pandas.pydata.org/pandas-docs/stable/user_guide/indexing.html#returning-a-view-versus-a-copy
  self.matched_soa_with_bank.drop(columns=['Matched_TID', 'Matched_AD'], inplace=True)
C:\ProgramData\robocorp\ht\bb5c9ea_5a1fac3_9fcd2534\lib\site-packages\pandas\core\dtypes\cast.py:1429: DeprecationWarning: np.find_common_type is deprecated.  Please use `np.result_type` or `np.promote_types`.
See https://numpy.org/devdocs/release/1.25.0-notes.html and the docs for more information.  (Deprecated NumPy 1.25)
  return np.find_common_type(types, [])
C:\ProgramData\robocorp\ht\bb5c9ea_5a1fac3_9fcd2534\lib\site-packages\pandas\core\dtypes\cast.py:1429: DeprecationWarning: np.find_common_type is deprecated.  Please use `np.result_type` or `np.promote_types`.
See https://numpy.org/devdocs/release/1.25.0-notes.html and the docs for more information.  (Deprecated NumPy 1.25)
  return np.find_common_type(types, [])
C:\ProgramData\robocorp\ht\bb5c9ea_5a1fac3_9fcd2534\lib\site-packages\pandas\core\dtypes\cast.py:1429: DeprecationWarning: np.find_common_type is deprecated.  Please use `np.result_type` or `np.promote_types`.
See https://numpy.org/devdocs/release/1.25.0-notes.html and the docs for more information.  (Deprecated NumPy 1.25)
  return np.find_common_type(types, [])
C:\ProgramData\robocorp\ht\bb5c9ea_5a1fac3_9fcd2534\lib\site-packages\pandas\core\dtypes\cast.py:1429: DeprecationWarning: np.find_common_type is deprecated.  Please use `np.result_type` or `np.promote_types`.
See https://numpy.org/devdocs/release/1.25.0-notes.html and the docs for more information.  (Deprecated NumPy 1.25)
  return np.find_common_type(types, [])
C:\ProgramData\robocorp\ht\bb5c9ea_5a1fac3_9fcd2534\lib\site-packages\pandas\core\dtypes\cast.py:1429: DeprecationWarning: np.find_common_type is deprecated.  Please use `np.result_type` or `np.promote_types`.
See https://numpy.org/devdocs/release/1.25.0-notes.html and the docs for more information.  (Deprecated NumPy 1.25)
  return np.find_common_type(types, [])
C:\Users\gaura\OneDrive\画像\nps-reconciliation\app\ReconcileAbstract.py:44: UserWarning: Could not infer format, so each element will be parsed individually, falling back to `dateutil`. To ensure parsing is consistent and as-expected, please specify a format.
  self.soa_statement_df['Date'] = pd.to_datetime(self.soa_statement_df['Date']).dt.date
C:\ProgramData\robocorp\ht\bb5c9ea_5a1fac3_9fcd2534\lib\site-packages\pandas\core\dtypes\cast.py:1429: DeprecationWarning: np.find_common_type is deprecated.  Please use `np.result_type` or `np.promote_types`.
See https://numpy.org/devdocs/release/1.25.0-notes.html and the docs for more information.  (Deprecated NumPy 1.25)
  return np.find_common_type(types, [])
C:\ProgramData\robocorp\ht\bb5c9ea_5a1fac3_9fcd2534\lib\site-packages\pandas\core\dtypes\cast.py:1429: DeprecationWarning: np.find_common_type is deprecated.  Please use `np.result_type` or `np.promote_types`.
See https://numpy.org/devdocs/release/1.25.0-notes.html and the docs for more information.  (Deprecated NumPy 1.25)
  return np.find_common_type(types, [])
C:\Users\gaura\OneDrive\画像\nps-reconciliation\app\ReconcileAbstract.py:361: SettingWithCopyWarning: 
A value is trying to be set on a copy of a slice from a DataFrame

See the caveats in the documentation: https://pandas.pydata.org/pandas-docs/stable/user_guide/indexing.html#returning-a-view-versus-a-copy
  self.unmatched_bank_with_soa.drop(columns=['Matched_TID', 'Matched_AD'], inplace=True)
C:\Users\gaura\OneDrive\画像\nps-reconciliation\app\ReconcileAbstract.py:362: SettingWithCopyWarning: 
A value is trying to be set on a copy of a slice from a DataFrame

See the caveats in the documentation: https://pandas.pydata.org/pandas-docs/stable/user_guide/indexing.html#returning-a-view-versus-a-copy
  self.unmatched_soa_with_bank.drop(columns=['Matched_TID', 'Matched_AD'], inplace=True)
C:\Users\gaura\OneDrive\画像\nps-reconciliation\app\ReconcileAbstract.py:363: SettingWithCopyWarning: 
A value is trying to be set on a copy of a slice from a DataFrame

See the caveats in the documentation: https://pandas.pydata.org/pandas-docs/stable/user_guide/indexing.html#returning-a-view-versus-a-copy
  self.matched_bank_with_soa.drop(columns=['Matched_TID', 'Matched_AD'], inplace=True)
C:\Users\gaura\OneDrive\画像\nps-reconciliation\app\ReconcileAbstract.py:364: SettingWithCopyWarning: 
A value is trying to be set on a copy of a slice from a DataFrame

See the caveats in the documentation: https://pandas.pydata.org/pandas-docs/stable/user_guide/indexing.html#returning-a-view-versus-a-copy
  self.matched_soa_with_bank.drop(columns=['Matched_TID', 'Matched_AD'], inplace=True)
C:\ProgramData\robocorp\ht\bb5c9ea_5a1fac3_9fcd2534\lib\site-packages\pandas\core\dtypes\cast.py:1429: DeprecationWarning: np.find_common_type is deprecated.  Please use `np.result_type` or `np.promote_types`.
See https://numpy.org/devdocs/release/1.25.0-notes.html and the docs for more information.  (Deprecated NumPy 1.25)
  return np.find_common_type(types, [])
C:\ProgramData\robocorp\ht\bb5c9ea_5a1fac3_9fcd2534\lib\site-packages\pandas\core\dtypes\cast.py:1429: DeprecationWarning: np.find_common_type is deprecated.  Please use `np.result_type` or `np.promote_types`.
See https://numpy.org/devdocs/release/1.25.0-notes.html and the docs for more information.  (Deprecated NumPy 1.25)
  return np.find_common_type(types, [])
C:\ProgramData\robocorp\ht\bb5c9ea_5a1fac3_9fcd2534\lib\site-packages\pandas\core\dtypes\cast.py:1429: DeprecationWarning: np.find_common_type is deprecated.  Please use `np.result_type` or `np.promote_types`.
See https://numpy.org/devdocs/release/1.25.0-notes.html and the docs for more information.  (Deprecated NumPy 1.25)
  return np.find_common_type(types, [])
C:\ProgramData\robocorp\ht\bb5c9ea_5a1fac3_9fcd2534\lib\site-packages\pandas\core\dtypes\cast.py:1429: DeprecationWarning: np.find_common_type is deprecated.  Please use `np.result_type` or `np.promote_types`.
See https://numpy.org/devdocs/release/1.25.0-notes.html and the docs for more information.  (Deprecated NumPy 1.25)
  return np.find_common_type(types, [])
C:\ProgramData\robocorp\ht\bb5c9ea_5a1fac3_9fcd2534\lib\site-packages\pandas\core\dtypes\cast.py:1429: DeprecationWarning: np.find_common_type is deprecated.  Please use `np.result_type` or `np.promote_types`.
See https://numpy.org/devdocs/release/1.25.0-notes.html and the docs for more information.  (Deprecated NumPy 1.25)
  return np.find_common_type(types, [])
C:\ProgramData\robocorp\ht\bb5c9ea_5a1fac3_9fcd2534\lib\site-packages\pandas\core\dtypes\cast.py:1429: DeprecationWarning: np.find_common_type is deprecated.  Please use `np.result_type` or `np.promote_types`.
See https://numpy.org/devdocs/release/1.25.0-notes.html and the docs for more information.  (Deprecated NumPy 1.25)
  return np.find_common_type(types, [])
C:\ProgramData\robocorp\ht\bb5c9ea_5a1fac3_9fcd2534\lib\site-packages\pandas\core\dtypes\cast.py:1429: DeprecationWarning: np.find_common_type is deprecated.  Please use `np.result_type` or `np.promote_types`.
See https://numpy.org/devdocs/release/1.25.0-notes.html and the docs for more information.  (Deprecated NumPy 1.25)
  return np.find_common_type(types, [])
C:\Users\gaura\OneDrive\画像\nps-reconciliation\app\ReconcileAbstract.py:361: SettingWithCopyWarning: 
A value is trying to be set on a copy of a slice from a DataFrame

See the caveats in the documentation: https://pandas.pydata.org/pandas-docs/stable/user_guide/indexing.html#returning-a-view-versus-a-copy
  self.unmatched_bank_with_soa.drop(columns=['Matched_TID', 'Matched_AD'], inplace=True)
[...]
See https://numpy.org/devdocs/release/1.25.0-notes.html and the docs for more information.  (Deprecated NumPy 1.25)
  return np.find_common_type(types, [])
C:\Users\gaura\OneDrive\画像\nps-reconciliation\app\ReconcileAbstract.py:44: UserWarning: Could not infer format, so each element will be parsed individually, falling back to `dateutil`. To ensure parsing is consistent and as-expected, please specify a format.
  self.soa_statement_df['Date'] = pd.to_datetime(self.soa_statement_df['Date']).dt.date
C:\ProgramData\robocorp\ht\bb5c9ea_5a1fac3_9fcd2534\lib\site-packages\pandas\core\dtypes\cast.py:1429: DeprecationWarning: np.find_common_type is deprecated.  Please use `np.result_type` or `np.promote_types`.
See https://numpy.org/devdocs/release/1.25.0-notes.html and the docs for more information.  (Deprecated NumPy 1.25)
  return np.find_common_type(types, [])
C:\ProgramData\robocorp\ht\bb5c9ea_5a1fac3_9fcd2534\lib\site-packages\pandas\core\dtypes\cast.py:1429: DeprecationWarning: np.find_common_type is deprecated.  Please use `np.result_type` or `np.promote_types`.
See https://numpy.org/devdocs/release/1.25.0-notes.html and the docs for more information.  (Deprecated NumPy 1.25)
  return np.find_common_type(types, [])
C:\ProgramData\robocorp\ht\bb5c9ea_5a1fac3_9fcd2534\lib\site-packages\pandas\core\dtypes\cast.py:1429: DeprecationWarning: np.find_common_type is deprecated.  Please use `np.result_type` or `np.promote_types`.
See https://numpy.org/devdocs/release/1.25.0-notes.html and the docs for more information.  (Deprecated NumPy 1.25)
  return np.find_common_type(types, [])
C:\ProgramData\robocorp\ht\bb5c9ea_5a1fac3_9fcd2534\lib\site-packages\pandas\core\dtypes\cast.py:1429: DeprecationWarning: np.find_common_type is deprecated.  Please use `np.result_type` or `np.promote_types`.
See https://numpy.org/devdocs/release/1.25.0-notes.html and the docs for more information.  (Deprecated NumPy 1.25)
  return np.find_common_type(types, [])
C:\Users\gaura\OneDrive\画像\nps-reconciliation\app\ReconcileAbstract.py:361: SettingWithCopyWarning: 
A value is trying to be set on a copy of a slice from a DataFrame

See the caveats in the documentation: https://pandas.pydata.org/pandas-docs/stable/user_guide/indexing.html#returning-a-view-versus-a-copy
  self.unmatched_bank_with_soa.drop(columns=['Matched_TID', 'Matched_AD'], inplace=True)
C:\Users\gaura\OneDrive\画像\nps-reconciliation\app\ReconcileAbstract.py:362: SettingWithCopyWarning: 
A value is trying to be set on a copy of a slice from a DataFrame

See the caveats in the documentation: https://pandas.pydata.org/pandas-docs/stable/user_guide/indexing.html#returning-a-view-versus-a-copy
  self.unmatched_soa_with_bank.drop(columns=['Matched_TID', 'Matched_AD'], inplace=True)
C:\Users\gaura\OneDrive\画像\nps-reconciliation\app\ReconcileAbstract.py:363: SettingWithCopyWarning: 
A value is trying to be set on a copy of a slice from a DataFrame

See the caveats in the documentation: https://pandas.pydata.org/pandas-docs/stable/user_guide/indexing.html#returning-a-view-versus-a-copy
  self.matched_bank_with_soa.drop(columns=['Matched_TID', 'Matched_AD'], inplace=True)
C:\Users\gaura\OneDrive\画像\nps-reconciliation\app\ReconcileAbstract.py:364: SettingWithCopyWarning: 
A value is trying to be set on a copy of a slice from a DataFrame

See the caveats in the documentation: https://pandas.pydata.org/pandas-docs/stable/user_guide/indexing.html#returning-a-view-versus-a-copy
  self.matched_soa_with_bank.drop(columns=['Matched_TID', 'Matched_AD'], inplace=True)
C:\ProgramData\robocorp\ht\bb5c9ea_5a1fac3_9fcd2534\lib\site-packages\pandas\core\dtypes\cast.py:1429: DeprecationWarning: np.find_common_type is deprecated.  Please use `np.result_type` or `np.promote_types`.
See https://numpy.org/devdocs/release/1.25.0-notes.html and the docs for more information.  (Deprecated NumPy 1.25)
  return np.find_common_type(types, [])
Traceback (most recent call last):
  File "src\\gevent\\greenlet.py", line 908, in gevent._gevent_cgreenlet.Greenlet.run
  File "C:\Users\gaura\OneDrive\画像\nps-reconciliation\app\banks\Citizen.py", line 28, in main
    self.updated_standardize_bank_stmt_phase_4()
  File "C:\Users\gaura\OneDrive\画像\nps-reconciliation\app\banks\Citizen.py", line 64, in updated_standardize_bank_stmt_phase_4
    self.bank_statement_df[['Mode', 'Amount']] = self.bank_statement_df.apply(self.standard_format_phase_4, axis=1)
  File "C:\ProgramData\robocorp\ht\bb5c9ea_5a1fac3_9fcd2534\lib\site-packages\pandas\core\frame.py", line 3948, in __setitem__
    self._setitem_array(key, value)
  File "C:\ProgramData\robocorp\ht\bb5c9ea_5a1fac3_9fcd2534\lib\site-packages\pandas\core\frame.py", line 3990, in _setitem_array
    check_key_length(self.columns, key, value)
  File "C:\ProgramData\robocorp\ht\bb5c9ea_5a1fac3_9fcd2534\lib\site-packages\pandas\core\indexers\utils.py", line 392, in check_key_length
    raise ValueError("Columns must be same length as key")
ValueError: Columns must be same length as key
2023-12-06T06:42:57Z &lt;Greenlet at 0x26e85f379a0: &lt;bound method CitizenBank.main of &lt;app.banks.Citizen.CitizenBank object at 0x0000026E84C23BB0&gt;&gt;&gt; failed with ValueError

C:\ProgramData\robocorp\ht\bb5c9ea_5a1fac3_9fcd2534\lib\site-packages\pandas\core\dtypes\cast.py:1429: DeprecationWarning: np.find_common_type is deprecated.  Please use `np.result_type` or `np.promote_types`.
See https://numpy.org/devdocs/release/1.25.0-notes.html and the docs for more information.  (Deprecated NumPy 1.25)
  return np.find_common_type(types, [])
C:\ProgramData\robocorp\ht\bb5c9ea_5a1fac3_9fcd2534\lib\site-packages\pandas\core\dtypes\cast.py:1429: DeprecationWarning: np.find_common_type is deprecated.  Please use `np.result_type` or `np.promote_types`.
See https://numpy.org/devdocs/release/1.25.0-notes.html and the docs for more information.  (Deprecated NumPy 1.25)
  return np.find_common_type(types, [])
C:\ProgramData\robocorp\ht\bb5c9ea_5a1fac3_9fcd2534\lib\site-packages\pandas\core\dtypes\cast.py:1429: DeprecationWarning: np.find_common_type is deprecated.  Please use `np.result_type` or `np.promote_types`.
See https://numpy.org/devdocs/release/1.25.0-notes.html and the docs for more information.  (Deprecated NumPy 1.25)
  return np.find_common_type(types, [])
C:\ProgramData\robocorp\ht\bb5c9ea_5a1fac3_9fcd2534\lib\site-packages\pandas\core\dtypes\cast.py:1429: DeprecationWarning: np.find_common_type is deprecated.  Please use `np.result_type` or `np.promote_types`.
See https://numpy.org/devdocs/release/1.25.0-notes.html and the docs for more information.  (Deprecated NumPy 1.25)
  return np.find_common_type(types, [])
C:\ProgramData\robocorp\ht\bb5c9ea_5a1fac3_9fcd2534\lib\site-packages\pandas\core\dtypes\cast.py:1429: DeprecationWarning: np.find_common_type is deprecated.  Please use `np.result_type` or `np.promote_types`.
See https://numpy.org/devdocs/release/1.25.0-notes.html and the docs for more information.  (Deprecated NumPy 1.25)
  return np.find_common_type(types, [])
C:\Users\gaura\OneDrive\画像\nps-reconciliation\app\ReconcileAbstract.py:44: UserWarning: Could not infer format, so each element will be parsed individually, falling back to `dateutil`. To ensure parsing is consistent and as-expected, please specify a format.
  self.soa_statement_df['Date'] = pd.to_datetime(self.soa_statement_df['Date']).dt.date
C:\ProgramData\robocorp\ht\bb5c9ea_5a1fac3_9fcd2534\lib\site-packages\pandas\core\dtypes\cast.py:1429: DeprecationWarning: np.find_common_type is deprecated.  Please use `np.result_type` or `np.promote_types`.
See https://numpy.org/devdocs/release/1.25.0-notes.html and the docs for more information.  (Deprecated NumPy 1.25)
  return np.find_common_type(types, [])
C:\ProgramData\robocorp\ht\bb5c9ea_5a1fac3_9fcd2534\lib\site-packages\pandas\core\dtypes\cast.py:1429: DeprecationWarning: np.find_common_type is deprecated.  Please use `np.result_type` or `np.promote_types`.
See https://numpy.org/devdocs/release/1.25.0-notes.html and the docs for more information.  (Deprecated NumPy 1.25)
  return np.find_common_type(types, [])
C:\Users\gaura\OneDrive\画像\nps-reconciliation\app\ReconcileAbstract.py:361: SettingWithCopyWarning: 
A value is trying to be set on a copy of a slice from a DataFrame

See the caveats in the documentation: https://pandas.pydata.org/pandas-docs/stable/user_guide/indexing.html#returning-a-view-versus-a-copy
  self.unmatched_bank_with_soa.drop(columns=['Matched_TID', 'Matched_AD'], inplace=True)
C:\Users\gaura\OneDrive\画像\nps-reconciliation\app\ReconcileAbstract.py:362: SettingWithCopyWarning: 
A value is trying to be set on a copy of a slice from a DataFrame

See the caveats in the documentation: https://pandas.pydata.org/pandas-docs/stable/user_guide/indexing.html#returning-a-view-versus-a-copy
  self.unmatched_soa_with_bank.drop(columns=['Matched_TID', 'Matched_AD'], inplace=True)
C:\Users\gaura\OneDrive\画像\nps-reconciliation\app\ReconcileAbstract.py:363: SettingWithCopyWarning: 
A value is trying to be set on a copy of a slice from a DataFrame

See the caveats in the documentation: https://pandas.pydata.org/pandas-docs/stable/user_guide/indexing.html#returning-a-view-versus-a-copy
  self.matched_bank_with_soa.drop(columns=['Matched_TID', 'Matched_AD'], inplace=True)
C:\Users\gaura\OneDrive\画像\nps-reconciliation\app\ReconcileAbstract.py:364: SettingWithCopyWarning: 
A value is trying to be set on a copy of a slice from a DataFrame

See the caveats in the documentation: https://pandas.pydata.org/pandas-docs/stable/user_guide/indexing.html#returning-a-view-versus-a-copy
  self.matched_soa_with_bank.drop(columns=['Matched_TID', 'Matched_AD'], inplace=True)
C:\ProgramData\robocorp\ht\bb5c9ea_5a1fac3_9fcd2534\lib\site-packages\pandas\core\dtypes\cast.py:1429: DeprecationWarning: np.find_common_type is deprecated.  Please use `np.result_type` or `np.promote_types`.
See https://numpy.org/devdocs/release/1.25.0-notes.html and the docs for more information.  (Deprecated NumPy 1.25)
  return np.find_common_type(types, [])
C:\ProgramData\robocorp\ht\bb5c9ea_5a1fac3_9fcd2534\lib\site-packages\pandas\core\dtypes\cast.py:1429: DeprecationWarning: np.find_common_type is deprecated.  Please use `np.result_type` or `np.promote_types`.
See https://numpy.org/devdocs/release/1.25.0-notes.html and the docs for more information.  (Deprecated NumPy 1.25)
  return np.find_common_type(types, [])
C:\ProgramData\robocorp\ht\bb5c9ea_5a1fac3_9fcd2534\lib\site-packages\pandas\core\dtypes\cast.py:1429: DeprecationWarning: np.find_common_type is deprecated.  Please use `np.result_type` or `np.promote_types`.
See https://numpy.org/devdocs/release/1.25.0-notes.html and the docs for more information.  (Deprecated NumPy 1.25)
  return np.find_common_type(types, [])
C:\Users\gaura\OneDrive\画像\nps-reconciliation\app\ReconcileAbstract.py:44: UserWarning: Could not infer format, so each element will be parsed individually, falling back to `dateutil`. To ensure parsing is consistent and as-expected, please specify a format.
  self.soa_statement_df['Date'] = pd.to_datetime(self.soa_statement_df['Date']).dt.date
C:\ProgramData\robocorp\ht\bb5c9ea_5a1fac3_9fcd2534\lib\site-packages\pandas\core\dtypes\cast.py:1429: DeprecationWarning: np.find_common_type is deprecated.  Please use `np.result_type` or `np.promote_types`.
See https://numpy.org/devdocs/release/1.25.0-notes.html and the docs for more information.  (Deprecated NumPy 1.25)
  return np.find_common_type(types, [])
C:\ProgramData\robocorp\ht\bb5c9ea_5a1fac3_9fcd2534\lib\site-packages\pandas\core\dtypes\cast.py:1429: DeprecationWarning: np.find_common_type is deprecated.  Please use `np.result_type` or `np.promote_types`.
See https://numpy.org/devdocs/release/1.25.0-notes.html and the docs for more information.  (Deprecated NumPy 1.25)
  return np.find_common_type(types, [])
C:\Users\gaura\OneDrive\画像\nps-reconciliation\app\ReconcileAbstract.py:361: SettingWithCopyWarning: 
A value is trying to be set on a copy of a slice from a DataFrame

See the caveats in the documentation: https://pandas.pydata.org/pandas-docs/stable/user_guide/indexing.html#returning-a-view-versus-a-copy
  self.unmatched_bank_with_soa.drop(columns=['Matched_TID', 'Matched_AD'], inplace=True)
C:\Users\gaura\OneDrive\画像\nps-reconciliation\app\ReconcileAbstract.py:362: SettingWithCopyWarning: 
A value is trying to be set on a copy of a slice from a DataFrame

See the caveats in the documentation: https://pandas.pydata.org/pandas-docs/stable/user_guide/indexing.html#returning-a-view-versus-a-copy
  self.unmatched_soa_with_bank.drop(columns=['Matched_TID', 'Matched_AD'], inplace=True)
C:\Users\gaura\OneDrive\画像\nps-reconciliation\app\ReconcileAbstract.py:363: SettingWithCopyWarning: 
A value is trying to be set on a copy of a slice from a DataFrame

See the caveats in the documentation: https://pandas.pydata.org/pandas-docs/stable/user_guide/indexing.html#returning-a-view-versus-a-copy
  self.matched_bank_with_soa.drop(columns=['Matched_TID', 'Matched_AD'], inplace=True)
C:\Users\gaura\OneDrive\画像\nps-reconciliation\app\ReconcileAbstract.py:364: SettingWithCopyWarning: 
A value is trying to be set on a copy of a slice from a DataFrame

See the caveats in the documentation: https://pandas.pydata.org/pandas-docs/stable/user_guide/indexing.html#returning-a-view-versus-a-copy
  self.matched_soa_with_bank.drop(columns=['Matched_TID', 'Matched_AD'], inplace=True)
Traceback (most recent call last):
  File "src\\gevent\\greenlet.py", line 908, in gevent._gevent_cgreenlet.Greenlet.run
  File "C:\Users\gaura\OneDrive\画像\nps-reconciliation\app\banks\BestFinance.py", line 35, in main
    self.updated_standardize_bank_stmt_phase_4()
  File "C:\Users\gaura\OneDrive\画像\nps-reconciliation\app\banks\BestFinance.py", line 67, in updated_standardize_bank_stmt_phase_4
    self.bank_statement_df[['Mode', 'Amount']] = self.bank_statement_df.apply(self.standard_format_phase_4, axis=1)
  File "C:\ProgramData\robocorp\ht\bb5c9ea_5a1fac3_9fcd2534\lib\site-packages\pandas\core\frame.py", line 3948, in __setitem__
    self._setitem_array(key, value)
  File "C:\ProgramData\robocorp\ht\bb5c9ea_5a1fac3_9fcd2534\lib\site-packages\pandas\core\frame.py", line 3990, in _setitem_array
    check_key_length(self.columns, key, value)
  File "C:\ProgramData\robocorp\ht\bb5c9ea_5a1fac3_9fcd2534\lib\site-packages\pandas\core\indexers\utils.py", line 392, in check_key_length
    raise ValueError("Columns must be same length as key")
ValueError: Columns must be same length as key
2023-12-06T06:51:35Z &lt;Greenlet at 0x26e85f374a0: &lt;bound method BestFinance.main of &lt;app.banks.BestFinance.BestFinance object at 0x0000026E850AA4F0&gt;&gt;&gt; failed with ValueError

C:\ProgramData\robocorp\ht\bb5c9ea_5a1fac3_9fcd2534\lib\site-packages\pandas\core\dtypes\cast.py:1429: DeprecationWarning: np.find_common_type is deprecated.  Please use `np.result_type` or `np.promote_types`.
See https://numpy.org/devdocs/release/1.25.0-notes.html and the docs for more information.  (Deprecated NumPy 1.25)
  return np.find_common_type(types, [])
C:\ProgramData\robocorp\ht\bb5c9ea_5a1fac3_9fcd2534\lib\site-packages\pandas\core\dtypes\cast.py:1429: DeprecationWarning: np.find_common_type is deprecated.  Please use `np.result_type` or `np.promote_types`.
See https://numpy.org/devdocs/release/1.25.0-notes.html and the docs for more information.  (Deprecated NumPy 1.25)
  return np.find_common_type(types, [])
C:\ProgramData\robocorp\ht\bb5c9ea_5a1fac3_9fcd2534\lib\site-packages\pandas\core\dtypes\cast.py:1429: DeprecationWarning: np.find_common_type is deprecated.  Please use `np.result_type` or `np.promote_types`.
See https://numpy.org/devdocs/release/1.25.0-notes.html and the docs for more information.  (Deprecated NumPy 1.25)
  return np.find_common_type(types, [])
C:\ProgramData\robocorp\ht\bb5c9ea_5a1fac3_9fcd2534\lib\site-packages\pandas\core\dtypes\cast.py:1429: DeprecationWarning: np.find_common_type is deprecated.  Please use `np.result_type` or `np.promote_types`.
See https://numpy.org/devdocs/release/1.25.0-notes.html and the docs for more information.  (Deprecated NumPy 1.25)
  return np.find_common_type(types, [])
C:\ProgramData\robocorp\ht\bb5c9ea_5a1fac3_9fcd2534\lib\site-packages\pandas\core\dtypes\cast.py:1429: DeprecationWarning: np.find_common_type is deprecated.  Please use `np.result_type` or `np.promote_types`.
See https://numpy.org/devdocs/release/1.25.0-notes.html and the docs for more information.  (Deprecated NumPy 1.25)
  return np.find_common_type(types, [])
C:\Users\gaura\OneDrive\画像\nps-reconciliation\app\ReconcileAbstract.py:44: UserWarning: Could not infer format, so each element will be parsed individually, falling back to `dateutil`. To ensure parsing is consistent and as-expected, please specify a format.
  self.soa_statement_df['Date'] = pd.to_datetime(self.soa_statement_df['Date']).dt.date
C:\ProgramData\robocorp\ht\bb5c9ea_5a1fac3_9fcd2534\lib\site-packages\pandas\core\dtypes\cast.py:1429: DeprecationWarning: np.find_common_type is deprecated.  Please use `np.result_type` or `np.promote_types`.
See https://numpy.org/devdocs/release/1.25.0-notes.html and the docs for more information.  (Deprecated NumPy 1.25)
  return np.find_common_type(types, [])
C:\ProgramData\robocorp\ht\bb5c9ea_5a1fac3_9fcd2534\lib\site-packages\pandas\core\dtypes\cast.py:1429: DeprecationWarning: np.find_common_type is deprecated.  Please use `np.result_type` or `np.promote_types`.
See https://numpy.org/devdocs/release/1.25.0-notes.html and the docs for more information.  (Deprecated NumPy 1.25)
  return np.find_common_type(types, [])
C:\Users\gaura\OneDrive\画像\nps-reconciliation\app\ReconcileAbstract.py:361: SettingWithCopyWarning: 
A value is trying to be set on a copy of a slice from a DataFrame

See the caveats in the documentation: https://pandas.pydata.org/pandas-docs/stable/user_guide/indexing.html#returning-a-view-versus-a-copy
  self.unmatched_bank_with_soa.drop(columns=['Matched_TID', 'Matched_AD'], inplace=True)
C:\Users\gaura\OneDrive\画像\nps-reconciliation\app\ReconcileAbstract.py:362: SettingWithCopyWarning: 
A value is trying to be set on a copy of a slice from a DataFrame

See the caveats in the documentation: https://pandas.pydata.org/pandas-docs/stable/user_guide/indexing.html#returning-a-view-versus-a-copy
  self.unmatched_soa_with_bank.drop(columns=['Matched_TID', 'Matched_AD'], inplace=True)
C:\Users\gaura\OneDrive\画像\nps-reconciliation\app\ReconcileAbstract.py:363: SettingWithCopyWarning: 
A value is trying to be set on a copy of a slice from a DataFrame

See the caveats in the documentation: https://pandas.pydata.org/pandas-docs/stable/user_guide/indexing.html#returning-a-view-versus-a-copy
  self.matched_bank_with_soa.drop(columns=['Matched_TID', 'Matched_AD'], inplace=True)
C:\Users\gaura\OneDrive\画像\nps-reconciliation\app\ReconcileAbstract.py:364: SettingWithCopyWarning: 
A value is trying to be set on a copy of a slice from a DataFrame

See the caveats in the documentation: https://pandas.pydata.org/pandas-docs/stable/user_guide/indexing.html#returning-a-view-versus-a-copy
  self.matched_soa_with_bank.drop(columns=['Matched_TID', 'Matched_AD'], inplace=True)</msg>
<status status="PASS" starttime="20231206 11:32:45.951" endtime="20231206 12:36:40.181"/>
</kw>
<kw name="Teardown" library="Bot" type="TEARDOWN">
<msg timestamp="20231206 12:37:08.390" level="INFO">inside email</msg>
<status status="PASS" starttime="20231206 12:36:40.182" endtime="20231206 12:37:08.390"/>
</kw>
<status status="PASS" starttime="20231206 11:32:45.949" endtime="20231206 12:37:08.390"/>
</test>
<doc>Template robot main suite.</doc>
<status status="PASS" starttime="20231206 11:32:27.809" endtime="20231206 12:37:08.457"/>
</suite>
<statistics>
<total>
<stat pass="1" fail="0" skip="0">All Tasks</stat>
</total>
<tag>
</tag>
<suite>
<stat pass="1" fail="0" skip="0" id="s1" name="Tasks">Tasks</stat>
</suite>
</statistics>
<errors>
</errors>
</robot>
